#
# There is insufficient memory for the Java Runtime Environment to continue.
# Native memory allocation (malloc) failed to allocate 100663296 bytes for committing reserved memory.
# Possible reasons:
#   The system is out of physical RAM or swap space
#   In 32 bit mode, the process size limit was hit
# Possible solutions:
#   Reduce memory load on the system
#   Increase physical memory or swap space
#   Check if swap backing store is full
#   Use 64 bit Java on a 64 bit OS
#   Decrease Java heap size (-Xmx/-Xms)
#   Decrease number of Java threads
#   Decrease Java thread stack sizes (-Xss)
#   Set larger code cache with -XX:ReservedCodeCacheSize=
# This output file may be truncated or incomplete.
#
#  Out of Memory Error (os_linux.cpp:2769), pid=22104, tid=140642137118464
#
# JRE version: OpenJDK Runtime Environment (7.0_55-b14) (build 1.7.0_55-b14)
# Java VM: OpenJDK 64-Bit Server VM (24.51-b03 mixed mode linux-amd64 compressed oops)
# Failed to write core dump. Core dumps have been disabled. To enable core dumping, try "ulimit -c unlimited" before starting Java again
#

---------------  T H R E A D  ---------------

Current thread (0x00007fe9d0075800):  VMThread [stack: 0x00007fe9cc8f9000,0x00007fe9cc9fa000] [id=22115]

Stack: [0x00007fe9cc8f9000,0x00007fe9cc9fa000],  sp=0x00007fe9cc9f8480,  free space=1021k
Native frames: (J=compiled Java code, j=interpreted, Vv=VM code, C=native code)
V  [libjvm.so+0x917b35]  VMError::report_and_die()+0x175
V  [libjvm.so+0x468144]  report_vm_out_of_memory(char const*, int, unsigned long, char const*)+0x74
V  [libjvm.so+0x79a81b]  os::pd_commit_memory(char*, unsigned long, unsigned long, bool)+0x20b
V  [libjvm.so+0x7950df]  os::commit_memory(char*, unsigned long, unsigned long, bool)+0x1f
V  [libjvm.so+0x8053cb]  PSVirtualSpace::expand_by(unsigned long)+0x5b
V  [libjvm.so+0x806220]  PSYoungGen::resize_generation(unsigned long, unsigned long)+0xb0
V  [libjvm.so+0x80690b]  PSYoungGen::resize(unsigned long, unsigned long)+0x1b
V  [libjvm.so+0x802bff]  PSScavenge::invoke_no_policy()+0xd6f
V  [libjvm.so+0x8033c8]  PSScavenge::invoke()+0x38
V  [libjvm.so+0x7b9b33]  ParallelScavengeHeap::failed_mem_allocate(unsigned long)+0x63
V  [libjvm.so+0x919544]  VM_ParallelGCFailedAllocation::doit()+0x84
V  [libjvm.so+0x91d9e7]  VM_Operation::evaluate()+0x47
V  [libjvm.so+0x91c3b8]  VMThread::evaluate_operation(VM_Operation*)+0x318
V  [libjvm.so+0x91c819]  VMThread::loop()+0x219
V  [libjvm.so+0x91cc62]  VMThread::run()+0x72
V  [libjvm.so+0x7974e2]  java_start(Thread*)+0xf2

VM_Operation (0x00007fe9912250a0): ParallelGCFailedAllocation, mode: safepoint, requested by thread 0x00007fe9d01c5000


---------------  P R O C E S S  ---------------

Java Threads: ( => current thread )
  0x00007fe9d01cd800 JavaThread "process reaper" daemon [_thread_blocked, id=22126, stack(0x00007fe9d4060000,0x00007fe9d4099000)]
  0x00007fe9d01c5000 JavaThread "AWT-XAWT" daemon [_thread_blocked, id=22124, stack(0x00007fe991126000,0x00007fe991227000)]
  0x00007fe9d01a5000 JavaThread "Java2D Disposer" daemon [_thread_blocked, id=22123, stack(0x00007fe991227000,0x00007fe991328000)]
  0x00007fe9d00a6000 JavaThread "Service Thread" daemon [_thread_blocked, id=22121, stack(0x00007fe9bdecc000,0x00007fe9bdfcd000)]
  0x00007fe9d00a4000 JavaThread "C2 CompilerThread1" daemon [_thread_blocked, id=22120, stack(0x00007fe9bdfcd000,0x00007fe9be0ce000)]
  0x00007fe9d00a1000 JavaThread "C2 CompilerThread0" daemon [_thread_blocked, id=22119, stack(0x00007fe9be0ce000,0x00007fe9be1cf000)]
  0x00007fe9d009f000 JavaThread "Signal Dispatcher" daemon [_thread_blocked, id=22118, stack(0x00007fe9be1cf000,0x00007fe9be2d0000)]
  0x00007fe9d007b800 JavaThread "Finalizer" daemon [_thread_blocked, id=22117, stack(0x00007fe9cc6f7000,0x00007fe9cc7f8000)]
  0x00007fe9d007a000 JavaThread "Reference Handler" daemon [_thread_blocked, id=22116, stack(0x00007fe9cc7f8000,0x00007fe9cc8f9000)]
  0x00007fe9d000a000 JavaThread "main" [_thread_blocked, id=22106, stack(0x00007fe9d8a4f000,0x00007fe9d8b50000)]

Other Threads:
=>0x00007fe9d0075800 VMThread [stack: 0x00007fe9cc8f9000,0x00007fe9cc9fa000] [id=22115]
  0x00007fe9d00b9000 WatcherThread [stack: 0x00007fe9bddcb000,0x00007fe9bdecc000] [id=22122]

VM state:at safepoint (normal execution)

VM Mutex/Monitor currently owned by a thread:  ([mutex/lock_event])
[0x00007fe9d0006640] Threads_lock - owner thread: 0x00007fe9d0075800
[0x00007fe9d0006b40] Heap_lock - owner thread: 0x00007fe9d01c5000

Heap
 PSYoungGen      total 100352K, used 352K [0x00000000f0000000, 0x00000000f6400000, 0x0000000100000000)
  eden space 98304K, 0% used [0x00000000f0000000,0x00000000f0000000,0x00000000f6000000)
  from space 2048K, 17% used [0x00000000f6000000,0x00000000f6058000,0x00000000f6200000)
  to   space 2048K, 0% used [0x00000000f6200000,0x00000000f6200000,0x00000000f6400000)
 ParOldGen       total 32768K, used 806K [0x00000000d0000000, 0x00000000d2000000, 0x00000000f0000000)
  object space 32768K, 2% used [0x00000000d0000000,0x00000000d00c9be8,0x00000000d2000000)
 PSPermGen       total 21504K, used 6664K [0x00000000c5a00000, 0x00000000c6f00000, 0x00000000d0000000)
  object space 21504K, 30% used [0x00000000c5a00000,0x00000000c6082290,0x00000000c6f00000)

Card table byte_map: [0x00007fe9d549c000,0x00007fe9d5670000] byte_map_base: 0x00007fe9d4e6f000

Polling page: 0x00007fe9d8b55000

Code Cache  [0x00007fe9cd000000, 0x00007fe9cd270000, 0x00007fe9d0000000)
 total_blobs=492 nmethods=83 adapters=364 free_code_cache=48398Kb largest_free_block=49511232

Compilation events (10 events):
Event: 2.078 Thread 0x00007fe9d00a1000 nmethod 79 0x00007fe9cd096290 code [0x00007fe9cd0963c0, 0x00007fe9cd096438]
Event: 2.166 Thread 0x00007fe9d00a1000   80             com.codey.OpenGL.OctNode::<init> (140 bytes)
Event: 2.179 Thread 0x00007fe9d00a1000 nmethod 80 0x00007fe9cd096dd0 code [0x00007fe9cd096fc0, 0x00007fe9cd097458]
Event: 2.621 Thread 0x00007fe9d00a1000   81             java.util.ArrayList$Itr::<init> (6 bytes)
Event: 2.622 Thread 0x00007fe9d00a1000 nmethod 81 0x00007fe9cd096b50 code [0x00007fe9cd096c80, 0x00007fe9cd096d18]
Event: 2.622 Thread 0x00007fe9d00a1000   82             java.util.ArrayList$Itr::<init> (26 bytes)
Event: 2.622 Thread 0x00007fe9d00a1000 nmethod 82 0x00007fe9cd0968d0 code [0x00007fe9cd096a00, 0x00007fe9cd096a98]
Event: 2.846 Thread 0x00007fe9d00a4000 nmethod 76 0x00007fe9cd0b7c50 code [0x00007fe9cd0b8520, 0x00007fe9cd0bd9f8]
Event: 3.619 Thread 0x00007fe9d00a1000   83             com.codey.OpenGL.Particle::getVelocity (5 bytes)
Event: 3.620 Thread 0x00007fe9d00a1000 nmethod 83 0x00007fe9cd0966d0 code [0x00007fe9cd096800, 0x00007fe9cd096858]

GC Heap History (10 events):
Event: 1.714 GC heap after
Heap after GC invocations=2 (full 0):
 PSYoungGen      total 26624K, used 1104K [0x00000000f0000000, 0x00000000f1c00000, 0x0000000100000000)
  eden space 24576K, 0% used [0x00000000f0000000,0x00000000f0000000,0x00000000f1800000)
  from space 2048K, 53% used [0x00000000f1a00000,0x00000000f1b14010,0x00000000f1c00000)
  to   space 2048K, 0% used [0x00000000f1800000,0x00000000f1800000,0x00000000f1a00000)
 ParOldGen       total 32768K, used 16K [0x00000000d0000000, 0x00000000d2000000, 0x00000000f0000000)
  object space 32768K, 0% used [0x00000000d0000000,0x00000000d0004000,0x00000000d2000000)
 PSPermGen       total 21504K, used 6655K [0x00000000c5a00000, 0x00000000c6f00000, 0x00000000d0000000)
  object space 21504K, 30% used [0x00000000c5a00000,0x00000000c607fcb0,0x00000000c6f00000)
}
Event: 1.991 GC heap before
{Heap before GC invocations=3 (full 0):
 PSYoungGen      total 26624K, used 25680K [0x00000000f0000000, 0x00000000f1c00000, 0x0000000100000000)
  eden space 24576K, 100% used [0x00000000f0000000,0x00000000f1800000,0x00000000f1800000)
  from space 2048K, 53% used [0x00000000f1a00000,0x00000000f1b14010,0x00000000f1c00000)
  to   space 2048K, 0% used [0x00000000f1800000,0x00000000f1800000,0x00000000f1a00000)
 ParOldGen       total 32768K, used 16K [0x00000000d0000000, 0x00000000d2000000, 0x00000000f0000000)
  object space 32768K, 0% used [0x00000000d0000000,0x00000000d0004000,0x00000000d2000000)
 PSPermGen       total 21504K, used 6656K [0x00000000c5a00000, 0x00000000c6f00000, 0x00000000d0000000)
  object space 21504K, 30% used [0x00000000c5a00000,0x00000000c60800c8,0x00000000c6f00000)
Event: 1.995 GC heap after
Heap after GC invocations=3 (full 0):
 PSYoungGen      total 26624K, used 1088K [0x00000000f0000000, 0x00000000f3400000, 0x0000000100000000)
  eden space 24576K, 0% used [0x00000000f0000000,0x00000000f0000000,0x00000000f1800000)
  from space 2048K, 53% used [0x00000000f1800000,0x00000000f1910020,0x00000000f1a00000)
  to   space 2048K, 0% used [0x00000000f3200000,0x00000000f3200000,0x00000000f3400000)
 ParOldGen       total 32768K, used 16K [0x00000000d0000000, 0x00000000d2000000, 0x00000000f0000000)
  object space 32768K, 0% used [0x00000000d0000000,0x00000000d0004000,0x00000000d2000000)
 PSPermGen       total 21504K, used 6656K [0x00000000c5a00000, 0x00000000c6f00000, 0x00000000d0000000)
  object space 21504K, 30% used [0x00000000c5a00000,0x00000000c60800c8,0x00000000c6f00000)
}
Event: 2.180 GC heap before
{Heap before GC invocations=4 (full 0):
 PSYoungGen      total 26624K, used 25664K [0x00000000f0000000, 0x00000000f3400000, 0x0000000100000000)
  eden space 24576K, 100% used [0x00000000f0000000,0x00000000f1800000,0x00000000f1800000)
  from space 2048K, 53% used [0x00000000f1800000,0x00000000f1910020,0x00000000f1a00000)
  to   space 2048K, 0% used [0x00000000f3200000,0x00000000f3200000,0x00000000f3400000)
 ParOldGen       total 32768K, used 16K [0x00000000d0000000, 0x00000000d2000000, 0x00000000f0000000)
  object space 32768K, 0% used [0x00000000d0000000,0x00000000d0004000,0x00000000d2000000)
 PSPermGen       total 21504K, used 6656K [0x00000000c5a00000, 0x00000000c6f00000, 0x00000000d0000000)
  object space 21504K, 30% used [0x00000000c5a00000,0x00000000c6080228,0x00000000c6f00000)
Event: 2.183 GC heap after
Heap after GC invocations=4 (full 0):
 PSYoungGen      total 51200K, used 1088K [0x00000000f0000000, 0x00000000f3400000, 0x0000000100000000)
  eden space 49152K, 0% used [0x00000000f0000000,0x00000000f0000000,0x00000000f3000000)
  from space 2048K, 53% used [0x00000000f3200000,0x00000000f3310020,0x00000000f3400000)
  to   space 2048K, 0% used [0x00000000f3000000,0x00000000f3000000,0x00000000f3200000)
 ParOldGen       total 32768K, used 16K [0x00000000d0000000, 0x00000000d2000000, 0x00000000f0000000)
  object space 32768K, 0% used [0x00000000d0000000,0x00000000d0004000,0x00000000d2000000)
 PSPermGen       total 21504K, used 6656K [0x00000000c5a00000, 0x00000000c6f00000, 0x00000000d0000000)
  object space 21504K, 30% used [0x00000000c5a00000,0x00000000c6080228,0x00000000c6f00000)
}
Event: 2.623 GC heap before
{Heap before GC invocations=5 (full 0):
 PSYoungGen      total 51200K, used 50240K [0x00000000f0000000, 0x00000000f3400000, 0x0000000100000000)
  eden space 49152K, 100% used [0x00000000f0000000,0x00000000f3000000,0x00000000f3000000)
  from space 2048K, 53% used [0x00000000f3200000,0x00000000f3310020,0x00000000f3400000)
  to   space 2048K, 0% used [0x00000000f3000000,0x00000000f3000000,0x00000000f3200000)
 ParOldGen       total 32768K, used 16K [0x00000000d0000000, 0x00000000d2000000, 0x00000000f0000000)
  object space 32768K, 0% used [0x00000000d0000000,0x00000000d0004000,0x00000000d2000000)
 PSPermGen       total 21504K, used 6658K [0x00000000c5a00000, 0x00000000c6f00000, 0x00000000d0000000)
  object space 21504K, 30% used [0x00000000c5a00000,0x00000000c6080bf0,0x00000000c6f00000)
Event: 2.627 GC heap after
Heap after GC invocations=5 (full 0):
 PSYoungGen      total 51200K, used 1120K [0x00000000f0000000, 0x00000000f6400000, 0x0000000100000000)
  eden space 49152K, 0% used [0x00000000f0000000,0x00000000f0000000,0x00000000f3000000)
  from space 2048K, 54% used [0x00000000f3000000,0x00000000f3118000,0x00000000f3200000)
  to   space 2048K, 0% used [0x00000000f6200000,0x00000000f6200000,0x00000000f6400000)
 ParOldGen       total 32768K, used 16K [0x00000000d0000000, 0x00000000d2000000, 0x00000000f0000000)
  object space 32768K, 0% used [0x00000000d0000000,0x00000000d0004000,0x00000000d2000000)
 PSPermGen       total 21504K, used 6658K [0x00000000c5a00000, 0x00000000c6f00000, 0x00000000d0000000)
  object space 21504K, 30% used [0x00000000c5a00000,0x00000000c6080bf0,0x00000000c6f00000)
}
Event: 3.043 GC heap before
{Heap before GC invocations=6 (full 0):
 PSYoungGen      total 51200K, used 50272K [0x00000000f0000000, 0x00000000f6400000, 0x0000000100000000)
  eden space 49152K, 100% used [0x00000000f0000000,0x00000000f3000000,0x00000000f3000000)
  from space 2048K, 54% used [0x00000000f3000000,0x00000000f3118000,0x00000000f3200000)
  to   space 2048K, 0% used [0x00000000f6200000,0x00000000f6200000,0x00000000f6400000)
 ParOldGen       total 32768K, used 16K [0x00000000d0000000, 0x00000000d2000000, 0x00000000f0000000)
  object space 32768K, 0% used [0x00000000d0000000,0x00000000d0004000,0x00000000d2000000)
 PSPermGen       total 21504K, used 6664K [0x00000000c5a00000, 0x00000000c6f00000, 0x00000000d0000000)
  object space 21504K, 30% used [0x00000000c5a00000,0x00000000c60821d8,0x00000000c6f00000)
Event: 3.047 GC heap after
Heap after GC invocations=6 (full 0):
 PSYoungGen      total 100352K, used 1088K [0x00000000f0000000, 0x00000000f6400000, 0x0000000100000000)
  eden space 98304K, 0% used [0x00000000f0000000,0x00000000f0000000,0x00000000f6000000)
  from space 2048K, 53% used [0x00000000f6200000,0x00000000f6310020,0x00000000f6400000)
  to   space 2048K, 0% used [0x00000000f6000000,0x00000000f6000000,0x00000000f6200000)
 ParOldGen       total 32768K, used 24K [0x00000000d0000000, 0x00000000d2000000, 0x00000000f0000000)
  object space 32768K, 0% used [0x00000000d0000000,0x00000000d0006000,0x00000000d2000000)
 PSPermGen       total 21504K, used 6664K [0x00000000c5a00000, 0x00000000c6f00000, 0x00000000d0000000)
  object space 21504K, 30% used [0x00000000c5a00000,0x00000000c60821d8,0x00000000c6f00000)
}
Event: 3.808 GC heap before
{Heap before GC invocations=7 (full 0):
 PSYoungGen      total 100352K, used 99392K [0x00000000f0000000, 0x00000000f6400000, 0x0000000100000000)
  eden space 98304K, 100% used [0x00000000f0000000,0x00000000f6000000,0x00000000f6000000)
  from space 2048K, 53% used [0x00000000f6200000,0x00000000f6310020,0x00000000f6400000)
  to   space 2048K, 0% used [0x00000000f6000000,0x00000000f6000000,0x00000000f6200000)
 ParOldGen       total 32768K, used 24K [0x00000000d0000000, 0x00000000d2000000, 0x00000000f0000000)
  object space 32768K, 0% used [0x00000000d0000000,0x00000000d0006000,0x00000000d2000000)
 PSPermGen       total 21504K, used 6664K [0x00000000c5a00000, 0x00000000c6f00000, 0x00000000d0000000)
  object space 21504K, 30% used [0x00000000c5a00000,0x00000000c6082290,0x00000000c6f00000)

Deoptimization events (0 events):
No events

Internal exceptions (10 events):
Event: 1.205 Thread 0x00007fe9d000a000 Threw 0x00000000f06d9ba0 at /build/buildd/openjdk-7-7u55-2.4.7/build/openjdk/hotspot/src/share/vm/prims/jvm.cpp:1244
Event: 1.205 Thread 0x00007fe9d000a000 Threw 0x00000000f06ddf90 at /build/buildd/openjdk-7-7u55-2.4.7/build/openjdk/hotspot/src/share/vm/prims/jvm.cpp:1244
Event: 1.206 Thread 0x00007fe9d000a000 Threw 0x00000000f06e2ff0 at /build/buildd/openjdk-7-7u55-2.4.7/build/openjdk/hotspot/src/share/vm/prims/jvm.cpp:1244
Event: 1.207 Thread 0x00007fe9d000a000 Threw 0x00000000f06e7928 at /build/buildd/openjdk-7-7u55-2.4.7/build/openjdk/hotspot/src/share/vm/prims/jvm.cpp:1244
Event: 1.209 Thread 0x00007fe9d000a000 Threw 0x00000000f06f11e8 at /build/buildd/openjdk-7-7u55-2.4.7/build/openjdk/hotspot/src/share/vm/prims/jvm.cpp:1244
Event: 1.209 Thread 0x00007fe9d000a000 Threw 0x00000000f06f3b38 at /build/buildd/openjdk-7-7u55-2.4.7/build/openjdk/hotspot/src/share/vm/prims/jvm.cpp:1244
Event: 1.209 Thread 0x00007fe9d000a000 Threw 0x00000000f06f6008 at /build/buildd/openjdk-7-7u55-2.4.7/build/openjdk/hotspot/src/share/vm/prims/jvm.cpp:1244
Event: 1.210 Thread 0x00007fe9d000a000 Threw 0x00000000f06f86c8 at /build/buildd/openjdk-7-7u55-2.4.7/build/openjdk/hotspot/src/share/vm/prims/jvm.cpp:1244
Event: 1.447 Thread 0x00007fe9d000a000 Threw 0x00000000f03c8088 at /build/buildd/openjdk-7-7u55-2.4.7/build/openjdk/hotspot/src/share/vm/prims/jvm.cpp:1244
Event: 1.448 Thread 0x00007fe9d000a000 Threw 0x00000000f03cc140 at /build/buildd/openjdk-7-7u55-2.4.7/build/openjdk/hotspot/src/share/vm/prims/jvm.cpp:1244

Events (10 events):
Event: 1.995 Executing VM operation: ParallelGCFailedAllocation done
Event: 2.180 Executing VM operation: ParallelGCFailedAllocation
Event: 2.183 Executing VM operation: ParallelGCFailedAllocation done
Event: 2.621 loading class 0x00007fe9d4d231d0
Event: 2.621 loading class 0x00007fe9d4d231d0 done
Event: 2.623 Executing VM operation: ParallelGCFailedAllocation
Event: 2.627 Executing VM operation: ParallelGCFailedAllocation done
Event: 3.043 Executing VM operation: ParallelGCFailedAllocation
Event: 3.047 Executing VM operation: ParallelGCFailedAllocation done
Event: 3.808 Executing VM operation: ParallelGCFailedAllocation


Dynamic libraries:
00400000-00401000 r-xp 00000000 08:01 21242246                           /usr/lib/jvm/java-7-openjdk-amd64/jre/bin/java
00600000-00601000 r--p 00000000 08:01 21242246                           /usr/lib/jvm/java-7-openjdk-amd64/jre/bin/java
00601000-00602000 rw-p 00001000 08:01 21242246                           /usr/lib/jvm/java-7-openjdk-amd64/jre/bin/java
0073f000-00760000 rw-p 00000000 00:00 0                                  [heap]
c5a00000-c6f00000 rw-p 00000000 00:00 0 
c6f00000-d0000000 rw-p 00000000 00:00 0 
d0000000-d2000000 rw-p 00000000 00:00 0 
d2000000-f0000000 rw-p 00000000 00:00 0 
f0000000-f6400000 rw-p 00000000 00:00 0 
fc400000-100000000 rw-p 00000000 00:00 0 
7fe97f2c3000-7fe97f3c3000 rw-s 14919b000 00:05 1203                      /dev/dri/card0
7fe97f3c4000-7fe97f3d4000 rw-s 149884000 00:05 1203                      /dev/dri/card0
7fe97f3da000-7fe97f3ea000 rw-s 1490fa000 00:05 1203                      /dev/dri/card0
7fe97f3ea000-7fe97f3fa000 rw-s 1490ea000 00:05 1203                      /dev/dri/card0
7fe97f3fa000-7fe97f40a000 rw-s 1490da000 00:05 1203                      /dev/dri/card0
7fe97f40a000-7fe97f41a000 rw-s 1490ca000 00:05 1203                      /dev/dri/card0
7fe97f41a000-7fe97f42a000 rw-s 1490ba000 00:05 1203                      /dev/dri/card0
7fe97f42a000-7fe97f43a000 rw-s 1490aa000 00:05 1203                      /dev/dri/card0
7fe97f43a000-7fe97f44a000 rw-s 14909a000 00:05 1203                      /dev/dri/card0
7fe97f44a000-7fe97f45a000 rw-s 14908a000 00:05 1203                      /dev/dri/card0
7fe97f45e000-7fe97f55e000 rw-s 148d2e000 00:05 1203                      /dev/dri/card0
7fe97f560000-7fe97f597000 r-xp 00000000 08:01 19407155                   /usr/lib/x86_64-linux-gnu/libtxc_dxtn_s2tc.so.0.0.0
7fe97f597000-7fe97f796000 ---p 00037000 08:01 19407155                   /usr/lib/x86_64-linux-gnu/libtxc_dxtn_s2tc.so.0.0.0
7fe97f796000-7fe97f797000 r--p 00036000 08:01 19407155                   /usr/lib/x86_64-linux-gnu/libtxc_dxtn_s2tc.so.0.0.0
7fe97f797000-7fe97f798000 rw-p 00037000 08:01 19407155                   /usr/lib/x86_64-linux-gnu/libtxc_dxtn_s2tc.so.0.0.0
7fe97f79f000-7fe97f7a0000 ---p 00000000 00:00 0 
7fe97f7a0000-7fe97ffa0000 rw-p 00000000 00:00 0                          [stack:22130]
7fe97ffa0000-7fe97ffc5000 r-xp 00000000 08:01 60821491                   /lib/x86_64-linux-gnu/libtinfo.so.5.9
7fe97ffc5000-7fe9801c4000 ---p 00025000 08:01 60821491                   /lib/x86_64-linux-gnu/libtinfo.so.5.9
7fe9801c4000-7fe9801c8000 r--p 00024000 08:01 60821491                   /lib/x86_64-linux-gnu/libtinfo.so.5.9
7fe9801c8000-7fe9801c9000 rw-p 00028000 08:01 60821491                   /lib/x86_64-linux-gnu/libtinfo.so.5.9
7fe9801d0000-7fe9819ce000 r-xp 00000000 08:01 19406079                   /usr/lib/x86_64-linux-gnu/libLLVM-3.4.so.1
7fe9819ce000-7fe981b5c000 r--p 017fd000 08:01 19406079                   /usr/lib/x86_64-linux-gnu/libLLVM-3.4.so.1
7fe981b5c000-7fe981b5e000 rw-p 0198b000 08:01 19406079                   /usr/lib/x86_64-linux-gnu/libLLVM-3.4.so.1
7fe981b5e000-7fe981b71000 rw-p 00000000 00:00 0 
7fe981b78000-7fe981b84000 r-xp 00000000 08:01 19406452                   /usr/lib/x86_64-linux-gnu/libdrm_radeon.so.1.0.1
7fe981b84000-7fe981d83000 ---p 0000c000 08:01 19406452                   /usr/lib/x86_64-linux-gnu/libdrm_radeon.so.1.0.1
7fe981d83000-7fe981d84000 r--p 0000b000 08:01 19406452                   /usr/lib/x86_64-linux-gnu/libdrm_radeon.so.1.0.1
7fe981d84000-7fe981d85000 rw-p 0000c000 08:01 19406452                   /usr/lib/x86_64-linux-gnu/libdrm_radeon.so.1.0.1
7fe981d88000-7fe981d9d000 r-xp 00000000 08:01 19408809                   /usr/lib/x86_64-linux-gnu/libelf-0.158.so
7fe981d9d000-7fe981f9c000 ---p 00015000 08:01 19408809                   /usr/lib/x86_64-linux-gnu/libelf-0.158.so
7fe981f9c000-7fe981f9d000 r--p 00014000 08:01 19408809                   /usr/lib/x86_64-linux-gnu/libelf-0.158.so
7fe981f9d000-7fe981f9e000 rw-p 00015000 08:01 19408809                   /usr/lib/x86_64-linux-gnu/libelf-0.158.so
7fe981fa0000-7fe982189000 r-xp 00000000 08:01 19406463                   /usr/lib/x86_64-linux-gnu/libgallium.so.0.0.0
7fe982189000-7fe982389000 ---p 001e9000 08:01 19406463                   /usr/lib/x86_64-linux-gnu/libgallium.so.0.0.0
7fe982389000-7fe982399000 r--p 001e9000 08:01 19406463                   /usr/lib/x86_64-linux-gnu/libgallium.so.0.0.0
7fe982399000-7fe98239b000 rw-p 001f9000 08:01 19406463                   /usr/lib/x86_64-linux-gnu/libgallium.so.0.0.0
7fe98239b000-7fe982563000 rw-p 00000000 00:00 0 
7fe982568000-7fe982901000 r-xp 00000000 08:01 19797402                   /usr/lib/x86_64-linux-gnu/dri/r600_dri.so
7fe982901000-7fe982b00000 ---p 00399000 08:01 19797402                   /usr/lib/x86_64-linux-gnu/dri/r600_dri.so
7fe982b00000-7fe982b3e000 r--p 00398000 08:01 19797402                   /usr/lib/x86_64-linux-gnu/dri/r600_dri.so
7fe982b3e000-7fe982b49000 rw-p 003d6000 08:01 19797402                   /usr/lib/x86_64-linux-gnu/dri/r600_dri.so
7fe982b49000-7fe982b65000 rw-p 00000000 00:00 0 
7fe982b68000-7fe982b70000 r-xp 00000000 08:01 60821407                   /lib/x86_64-linux-gnu/libnih-dbus.so.1.0.0
7fe982b70000-7fe982d70000 ---p 00008000 08:01 60821407                   /lib/x86_64-linux-gnu/libnih-dbus.so.1.0.0
7fe982d70000-7fe982d71000 r--p 00008000 08:01 60821407                   /lib/x86_64-linux-gnu/libnih-dbus.so.1.0.0
7fe982d71000-7fe982d72000 rw-p 00009000 08:01 60821407                   /lib/x86_64-linux-gnu/libnih-dbus.so.1.0.0
7fe982d78000-7fe982d8f000 r-xp 00000000 08:01 60821409                   /lib/x86_64-linux-gnu/libnih.so.1.0.0
7fe982d8f000-7fe982f8e000 ---p 00017000 08:01 60821409                   /lib/x86_64-linux-gnu/libnih.so.1.0.0
7fe982f8e000-7fe982f8f000 r--p 00016000 08:01 60821409                   /lib/x86_64-linux-gnu/libnih.so.1.0.0
7fe982f8f000-7fe982f90000 rw-p 00017000 08:01 60821409                   /lib/x86_64-linux-gnu/libnih.so.1.0.0
7fe982f90000-7fe982fa9000 r-xp 00000000 08:01 60821671                   /lib/x86_64-linux-gnu/libcgmanager.so.0.0.0
7fe982fa9000-7fe9831a8000 ---p 00019000 08:01 60821671                   /lib/x86_64-linux-gnu/libcgmanager.so.0.0.0
7fe9831a8000-7fe9831aa000 r--p 00018000 08:01 60821671                   /lib/x86_64-linux-gnu/libcgmanager.so.0.0.0
7fe9831aa000-7fe9831ab000 rw-p 0001a000 08:01 60821671                   /lib/x86_64-linux-gnu/libcgmanager.so.0.0.0
7fe9831b0000-7fe9831c0000 r-xp 00000000 08:01 60821282                   /lib/x86_64-linux-gnu/libudev.so.1.3.5
7fe9831c0000-7fe9833bf000 ---p 00010000 08:01 60821282                   /lib/x86_64-linux-gnu/libudev.so.1.3.5
7fe9833bf000-7fe9833c0000 r--p 0000f000 08:01 60821282                   /lib/x86_64-linux-gnu/libudev.so.1.3.5
7fe9833c0000-7fe9833c1000 rw-p 00010000 08:01 60821282                   /lib/x86_64-linux-gnu/libudev.so.1.3.5
7fe9833c8000-7fe9833d3000 r-xp 00000000 08:01 19410096                   /usr/lib/x86_64-linux-gnu/libdrm.so.2.4.0
7fe9833d3000-7fe9835d2000 ---p 0000b000 08:01 19410096                   /usr/lib/x86_64-linux-gnu/libdrm.so.2.4.0
7fe9835d2000-7fe9835d3000 r--p 0000a000 08:01 19410096                   /usr/lib/x86_64-linux-gnu/libdrm.so.2.4.0
7fe9835d3000-7fe9835d4000 rw-p 0000b000 08:01 19410096                   /usr/lib/x86_64-linux-gnu/libdrm.so.2.4.0
7fe9835d8000-7fe9835d9000 r-xp 00000000 08:01 19407283                   /usr/lib/x86_64-linux-gnu/libxshmfence.so.1.0.0
7fe9835d9000-7fe9837d8000 ---p 00001000 08:01 19407283                   /usr/lib/x86_64-linux-gnu/libxshmfence.so.1.0.0
7fe9837d8000-7fe9837d9000 r--p 00000000 08:01 19407283                   /usr/lib/x86_64-linux-gnu/libxshmfence.so.1.0.0
7fe9837d9000-7fe9837da000 rw-p 00001000 08:01 19407283                   /usr/lib/x86_64-linux-gnu/libxshmfence.so.1.0.0
7fe9837e0000-7fe9837e5000 r-xp 00000000 08:01 19407267                   /usr/lib/x86_64-linux-gnu/libxcb-sync.so.1.0.0
7fe9837e5000-7fe9839e4000 ---p 00005000 08:01 19407267                   /usr/lib/x86_64-linux-gnu/libxcb-sync.so.1.0.0
7fe9839e4000-7fe9839e5000 r--p 00004000 08:01 19407267                   /usr/lib/x86_64-linux-gnu/libxcb-sync.so.1.0.0
7fe9839e5000-7fe9839e6000 rw-p 00005000 08:01 19407267                   /usr/lib/x86_64-linux-gnu/libxcb-sync.so.1.0.0
7fe9839e8000-7fe9839ea000 r-xp 00000000 08:01 19407255                   /usr/lib/x86_64-linux-gnu/libxcb-present.so.0.0.0
7fe9839ea000-7fe983be9000 ---p 00002000 08:01 19407255                   /usr/lib/x86_64-linux-gnu/libxcb-present.so.0.0.0
7fe983be9000-7fe983bea000 r--p 00001000 08:01 19407255                   /usr/lib/x86_64-linux-gnu/libxcb-present.so.0.0.0
7fe983bea000-7fe983beb000 rw-p 00002000 08:01 19407255                   /usr/lib/x86_64-linux-gnu/libxcb-present.so.0.0.0
7fe983bf0000-7fe983bf2000 r-xp 00000000 08:01 19407247                   /usr/lib/x86_64-linux-gnu/libxcb-dri3.so.0.0.0
7fe983bf2000-7fe983df1000 ---p 00002000 08:01 19407247                   /usr/lib/x86_64-linux-gnu/libxcb-dri3.so.0.0.0
7fe983df1000-7fe983df2000 r--p 00001000 08:01 19407247                   /usr/lib/x86_64-linux-gnu/libxcb-dri3.so.0.0.0
7fe983df2000-7fe983df3000 rw-p 00002000 08:01 19407247                   /usr/lib/x86_64-linux-gnu/libxcb-dri3.so.0.0.0
7fe983df8000-7fe983dfb000 r-xp 00000000 08:01 19407245                   /usr/lib/x86_64-linux-gnu/libxcb-dri2.so.0.0.0
7fe983dfb000-7fe983ffb000 ---p 00003000 08:01 19407245                   /usr/lib/x86_64-linux-gnu/libxcb-dri2.so.0.0.0
7fe983ffb000-7fe983ffc000 r--p 00003000 08:01 19407245                   /usr/lib/x86_64-linux-gnu/libxcb-dri2.so.0.0.0
7fe983ffc000-7fe983ffd000 rw-p 00004000 08:01 19407245                   /usr/lib/x86_64-linux-gnu/libxcb-dri2.so.0.0.0
7fe984000000-7fe984021000 rw-p 00000000 00:00 0 
7fe984021000-7fe988000000 ---p 00000000 00:00 0 
7fe988000000-7fe988021000 rw-p 00000000 00:00 0 
7fe988021000-7fe98c000000 ---p 00000000 00:00 0 
7fe98c000000-7fe98c021000 rw-p 00000000 00:00 0 
7fe98c021000-7fe990000000 ---p 00000000 00:00 0 
7fe990012000-7fe990022000 rw-s 14907a000 00:05 1203                      /dev/dri/card0
7fe990022000-7fe990032000 rw-s 14906a000 00:05 1203                      /dev/dri/card0
7fe990032000-7fe990042000 rw-s 14905a000 00:05 1203                      /dev/dri/card0
7fe990042000-7fe990052000 rw-s 14904a000 00:05 1203                      /dev/dri/card0
7fe990052000-7fe990062000 rw-s 14903a000 00:05 1203                      /dev/dri/card0
7fe990069000-7fe990079000 rw-s 149029000 00:05 1203                      /dev/dri/card0
7fe990079000-7fe990089000 rw-s 149019000 00:05 1203                      /dev/dri/card0
7fe990089000-7fe990099000 rw-s 149009000 00:05 1203                      /dev/dri/card0
7fe990099000-7fe9900a9000 rw-s 148ff9000 00:05 1203                      /dev/dri/card0
7fe9900a9000-7fe9900b9000 rw-s 148fe9000 00:05 1203                      /dev/dri/card0
7fe9900b9000-7fe9900c9000 rw-s 148fd9000 00:05 1203                      /dev/dri/card0
7fe9900c9000-7fe9900d9000 rw-s 148fc9000 00:05 1203                      /dev/dri/card0
7fe9900d9000-7fe9900e9000 rw-s 148fb9000 00:05 1203                      /dev/dri/card0
7fe9900ed000-7fe990161000 rw-p 00000000 00:00 0 
7fe990171000-7fe990181000 rw-s 148fa9000 00:05 1203                      /dev/dri/card0
7fe990181000-7fe990191000 rw-s 148f99000 00:05 1203                      /dev/dri/card0
7fe990191000-7fe9901a1000 rw-s 148f89000 00:05 1203                      /dev/dri/card0
7fe9901a1000-7fe9901b1000 rw-s 148f79000 00:05 1203                      /dev/dri/card0
7fe9901b1000-7fe9901c1000 rw-s 148f69000 00:05 1203                      /dev/dri/card0
7fe9901c1000-7fe9901d1000 rw-s 148f59000 00:05 1203                      /dev/dri/card0
7fe9901d1000-7fe9901e1000 rw-s 148f49000 00:05 1203                      /dev/dri/card0
7fe9901e1000-7fe9901f1000 rw-s 148f39000 00:05 1203                      /dev/dri/card0
7fe9901f8000-7fe99020d000 r-xp 00000000 08:01 19407249                   /usr/lib/x86_64-linux-gnu/libxcb-glx.so.0.0.0
7fe99020d000-7fe99040c000 ---p 00015000 08:01 19407249                   /usr/lib/x86_64-linux-gnu/libxcb-glx.so.0.0.0
7fe99040c000-7fe99040e000 r--p 00014000 08:01 19407249                   /usr/lib/x86_64-linux-gnu/libxcb-glx.so.0.0.0
7fe99040e000-7fe99040f000 rw-p 00016000 08:01 19407249                   /usr/lib/x86_64-linux-gnu/libxcb-glx.so.0.0.0
7fe990410000-7fe990411000 r-xp 00000000 08:01 19406201                   /usr/lib/x86_64-linux-gnu/libX11-xcb.so.1.0.0
7fe990411000-7fe990610000 ---p 00001000 08:01 19406201                   /usr/lib/x86_64-linux-gnu/libX11-xcb.so.1.0.0
7fe990610000-7fe990611000 r--p 00000000 08:01 19406201                   /usr/lib/x86_64-linux-gnu/libX11-xcb.so.1.0.0
7fe990611000-7fe990612000 rw-p 00001000 08:01 19406201                   /usr/lib/x86_64-linux-gnu/libX11-xcb.so.1.0.0
7fe990618000-7fe99063a000 r-xp 00000000 08:01 19406537                   /usr/lib/x86_64-linux-gnu/libglapi.so.0.0.0
7fe99063a000-7fe99083a000 ---p 00022000 08:01 19406537                   /usr/lib/x86_64-linux-gnu/libglapi.so.0.0.0
7fe99083a000-7fe99083d000 r--p 00022000 08:01 19406537                   /usr/lib/x86_64-linux-gnu/libglapi.so.0.0.0
7fe99083d000-7fe99083e000 rw-p 00025000 08:01 19406537                   /usr/lib/x86_64-linux-gnu/libglapi.so.0.0.0
7fe99083e000-7fe99083f000 rw-p 00000000 00:00 0 
7fe990840000-7fe9908a2000 r-xp 00000000 08:01 19798264                   /usr/lib/x86_64-linux-gnu/mesa/libGL.so.1.2.0
7fe9908a2000-7fe990aa1000 ---p 00062000 08:01 19798264                   /usr/lib/x86_64-linux-gnu/mesa/libGL.so.1.2.0
7fe990aa1000-7fe990aa4000 r--p 00061000 08:01 19798264                   /usr/lib/x86_64-linux-gnu/mesa/libGL.so.1.2.0
7fe990aa4000-7fe990aa5000 rw-p 00064000 08:01 19798264                   /usr/lib/x86_64-linux-gnu/mesa/libGL.so.1.2.0
7fe990aa5000-7fe990aa6000 rw-p 00000000 00:00 0 
7fe990aa8000-7fe990aac000 r-xp 00000000 08:01 19406258                   /usr/lib/x86_64-linux-gnu/libXxf86vm.so.1.0.0
7fe990aac000-7fe990cac000 ---p 00004000 08:01 19406258                   /usr/lib/x86_64-linux-gnu/libXxf86vm.so.1.0.0
7fe990cac000-7fe990cad000 r--p 00004000 08:01 19406258                   /usr/lib/x86_64-linux-gnu/libXxf86vm.so.1.0.0
7fe990cad000-7fe990cae000 rw-p 00005000 08:01 19406258                   /usr/lib/x86_64-linux-gnu/libXxf86vm.so.1.0.0
7fe990cb0000-7fe990d16000 r-xp 00000000 00:19 59769073                   /home/cody/eclipse/OpenGL/natives/linux/liblwjgl64.so
7fe990d16000-7fe990f16000 ---p 00066000 00:19 59769073                   /home/cody/eclipse/OpenGL/natives/linux/liblwjgl64.so
7fe990f16000-7fe990f18000 r--p 00066000 00:19 59769073                   /home/cody/eclipse/OpenGL/natives/linux/liblwjgl64.so
7fe990f18000-7fe990f19000 rw-p 00068000 00:19 59769073                   /home/cody/eclipse/OpenGL/natives/linux/liblwjgl64.so
7fe990f20000-7fe990f21000 r-xp 00000000 08:01 21242319                   /usr/lib/jvm/java-7-openjdk-amd64/jre/lib/amd64/libjawt.so
7fe990f21000-7fe991120000 ---p 00001000 08:01 21242319                   /usr/lib/jvm/java-7-openjdk-amd64/jre/lib/amd64/libjawt.so
7fe991120000-7fe991121000 r--p 00000000 08:01 21242319                   /usr/lib/jvm/java-7-openjdk-amd64/jre/lib/amd64/libjawt.so
7fe991121000-7fe991122000 rw-p 00001000 08:01 21242319                   /usr/lib/jvm/java-7-openjdk-amd64/jre/lib/amd64/libjawt.so
7fe991126000-7fe991129000 ---p 00000000 00:00 0 
7fe991129000-7fe991227000 rw-p 00000000 00:00 0                          [stack:22124]
7fe991227000-7fe99122a000 ---p 00000000 00:00 0 
7fe99122a000-7fe991328000 rw-p 00000000 00:00 0                          [stack:22123]
7fe991328000-7fe99132c000 r-xp 00000000 08:01 60821378                   /lib/x86_64-linux-gnu/libgpg-error.so.0.10.0
7fe99132c000-7fe99152b000 ---p 00004000 08:01 60821378                   /lib/x86_64-linux-gnu/libgpg-error.so.0.10.0
7fe99152b000-7fe99152c000 r--p 00003000 08:01 60821378                   /lib/x86_64-linux-gnu/libgpg-error.so.0.10.0
7fe99152c000-7fe99152d000 rw-p 00004000 08:01 60821378                   /lib/x86_64-linux-gnu/libgpg-error.so.0.10.0
7fe991530000-7fe991532000 r-xp 00000000 08:01 60821388                   /lib/x86_64-linux-gnu/libkeyutils.so.1.4
7fe991532000-7fe991732000 ---p 00002000 08:01 60821388                   /lib/x86_64-linux-gnu/libkeyutils.so.1.4
7fe991732000-7fe991733000 r--p 00002000 08:01 60821388                   /lib/x86_64-linux-gnu/libkeyutils.so.1.4
7fe991733000-7fe991734000 rw-p 00003000 08:01 60821388                   /lib/x86_64-linux-gnu/libkeyutils.so.1.4
7fe991738000-7fe991752000 r-xp 00000000 08:01 19406636                   /usr/lib/x86_64-linux-gnu/libgraphite2.so.3.0.1
7fe991752000-7fe991951000 ---p 0001a000 08:01 19406636                   /usr/lib/x86_64-linux-gnu/libgraphite2.so.3.0.1
7fe991951000-7fe991953000 r--p 00019000 08:01 19406636                   /usr/lib/x86_64-linux-gnu/libgraphite2.so.3.0.1
7fe991953000-7fe991954000 rw-p 0001b000 08:01 19406636                   /usr/lib/x86_64-linux-gnu/libgraphite2.so.3.0.1
7fe991958000-7fe99199c000 r-xp 00000000 08:01 60821662                   /lib/x86_64-linux-gnu/libdbus-1.so.3.7.6
7fe99199c000-7fe991b9b000 ---p 00044000 08:01 60821662                   /lib/x86_64-linux-gnu/libdbus-1.so.3.7.6
7fe991b9b000-7fe991b9c000 r--p 00043000 08:01 60821662                   /lib/x86_64-linux-gnu/libdbus-1.so.3.7.6
7fe991b9c000-7fe991b9d000 rw-p 00044000 08:01 60821662                   /lib/x86_64-linux-gnu/libdbus-1.so.3.7.6
7fe991ba0000-7fe991bdb000 r-xp 00000000 08:01 19406934                   /usr/lib/x86_64-linux-gnu/libp11-kit.so.0.0.0
7fe991bdb000-7fe991dda000 ---p 0003b000 08:01 19406934                   /usr/lib/x86_64-linux-gnu/libp11-kit.so.0.0.0
7fe991dda000-7fe991de0000 r--p 0003a000 08:01 19406934                   /usr/lib/x86_64-linux-gnu/libp11-kit.so.0.0.0
7fe991de0000-7fe991de2000 rw-p 00040000 08:01 19406934                   /usr/lib/x86_64-linux-gnu/libp11-kit.so.0.0.0
7fe991de8000-7fe991dfa000 r-xp 00000000 08:01 19400398                   /usr/lib/x86_64-linux-gnu/libtasn1.so.6.2.0
7fe991dfa000-7fe991ffa000 ---p 00012000 08:01 19400398                   /usr/lib/x86_64-linux-gnu/libtasn1.so.6.2.0
7fe991ffa000-7fe991ffb000 r--p 00012000 08:01 19400398                   /usr/lib/x86_64-linux-gnu/libtasn1.so.6.2.0
7fe991ffb000-7fe991ffc000 rw-p 00013000 08:01 19400398                   /usr/lib/x86_64-linux-gnu/libtasn1.so.6.2.0
7fe992000000-7fe99207b000 r-xp 00000000 08:01 60821374                   /lib/x86_64-linux-gnu/libgcrypt.so.11.8.2
7fe99207b000-7fe99227b000 ---p 0007b000 08:01 60821374                   /lib/x86_64-linux-gnu/libgcrypt.so.11.8.2
7fe99227b000-7fe99227c000 r--p 0007b000 08:01 60821374                   /lib/x86_64-linux-gnu/libgcrypt.so.11.8.2
7fe99227c000-7fe99227f000 rw-p 0007c000 08:01 60821374                   /lib/x86_64-linux-gnu/libgcrypt.so.11.8.2
7fe992280000-7fe99228a000 r-xp 00000000 08:01 19406817                   /usr/lib/x86_64-linux-gnu/libkrb5support.so.0.1
7fe99228a000-7fe992489000 ---p 0000a000 08:01 19406817                   /usr/lib/x86_64-linux-gnu/libkrb5support.so.0.1
7fe992489000-7fe99248a000 r--p 00009000 08:01 19406817                   /usr/lib/x86_64-linux-gnu/libkrb5support.so.0.1
7fe99248a000-7fe99248b000 rw-p 0000a000 08:01 19406817                   /usr/lib/x86_64-linux-gnu/libkrb5support.so.0.1
7fe992490000-7fe992493000 r-xp 00000000 08:01 60821354                   /lib/x86_64-linux-gnu/libcom_err.so.2.1
7fe992493000-7fe992692000 ---p 00003000 08:01 60821354                   /lib/x86_64-linux-gnu/libcom_err.so.2.1
7fe992692000-7fe992693000 r--p 00002000 08:01 60821354                   /lib/x86_64-linux-gnu/libcom_err.so.2.1
7fe992693000-7fe992694000 rw-p 00003000 08:01 60821354                   /lib/x86_64-linux-gnu/libcom_err.so.2.1
7fe992698000-7fe9926c4000 r-xp 00000000 08:01 19406811                   /usr/lib/x86_64-linux-gnu/libk5crypto.so.3.1
7fe9926c4000-7fe9928c3000 ---p 0002c000 08:01 19406811                   /usr/lib/x86_64-linux-gnu/libk5crypto.so.3.1
7fe9928c3000-7fe9928c5000 r--p 0002b000 08:01 19406811                   /usr/lib/x86_64-linux-gnu/libk5crypto.so.3.1
7fe9928c5000-7fe9928c6000 rw-p 0002d000 08:01 19406811                   /usr/lib/x86_64-linux-gnu/libk5crypto.so.3.1
7fe9928c6000-7fe9928c7000 rw-p 00000000 00:00 0 
7fe9928c8000-7fe992984000 r-xp 00000000 08:01 19406815                   /usr/lib/x86_64-linux-gnu/libkrb5.so.3.3
7fe992984000-7fe992b84000 ---p 000bc000 08:01 19406815                   /usr/lib/x86_64-linux-gnu/libkrb5.so.3.3
7fe992b84000-7fe992b91000 r--p 000bc000 08:01 19406815                   /usr/lib/x86_64-linux-gnu/libkrb5.so.3.3
7fe992b91000-7fe992b93000 rw-p 000c9000 08:01 19406815                   /usr/lib/x86_64-linux-gnu/libkrb5.so.3.3
7fe992b98000-7fe992b9e000 r-xp 00000000 08:01 19406410                   /usr/lib/x86_64-linux-gnu/libdatrie.so.1.3.1
7fe992b9e000-7fe992d9d000 ---p 00006000 08:01 19406410                   /usr/lib/x86_64-linux-gnu/libdatrie.so.1.3.1
7fe992d9d000-7fe992d9e000 r--p 00005000 08:01 19406410                   /usr/lib/x86_64-linux-gnu/libdatrie.so.1.3.1
7fe992d9e000-7fe992d9f000 rw-p 00006000 08:01 19406410                   /usr/lib/x86_64-linux-gnu/libdatrie.so.1.3.1
7fe992da0000-7fe992df3000 r-xp 00000000 08:01 19406749                   /usr/lib/x86_64-linux-gnu/libharfbuzz.so.0.927.0
7fe992df3000-7fe992ff3000 ---p 00053000 08:01 19406749                   /usr/lib/x86_64-linux-gnu/libharfbuzz.so.0.927.0
7fe992ff3000-7fe992ff4000 r--p 00053000 08:01 19406749                   /usr/lib/x86_64-linux-gnu/libharfbuzz.so.0.927.0
7fe992ff4000-7fe992ff5000 rw-p 00054000 08:01 19406749                   /usr/lib/x86_64-linux-gnu/libharfbuzz.so.0.927.0
7fe992ff8000-7fe993000000 r-xp 00000000 08:01 19407261                   /usr/lib/x86_64-linux-gnu/libxcb-render.so.0.0.0
7fe993000000-7fe9931ff000 ---p 00008000 08:01 19407261                   /usr/lib/x86_64-linux-gnu/libxcb-render.so.0.0.0
7fe9931ff000-7fe993200000 r--p 00007000 08:01 19407261                   /usr/lib/x86_64-linux-gnu/libxcb-render.so.0.0.0
7fe993200000-7fe993201000 rw-p 00008000 08:01 19407261                   /usr/lib/x86_64-linux-gnu/libxcb-render.so.0.0.0
7fe993208000-7fe99320a000 r-xp 00000000 08:01 19407265                   /usr/lib/x86_64-linux-gnu/libxcb-shm.so.0.0.0
7fe99320a000-7fe993409000 ---p 00002000 08:01 19407265                   /usr/lib/x86_64-linux-gnu/libxcb-shm.so.0.0.0
7fe993409000-7fe99340a000 r--p 00001000 08:01 19407265                   /usr/lib/x86_64-linux-gnu/libxcb-shm.so.0.0.0
7fe99340a000-7fe99340b000 rw-p 00002000 08:01 19407265                   /usr/lib/x86_64-linux-gnu/libxcb-shm.so.0.0.0
7fe993410000-7fe993435000 r-xp 00000000 08:01 60821460                   /lib/x86_64-linux-gnu/libpng12.so.0.50.0
7fe993435000-7fe993634000 ---p 00025000 08:01 60821460                   /lib/x86_64-linux-gnu/libpng12.so.0.50.0
7fe993634000-7fe993635000 r--p 00024000 08:01 60821460                   /lib/x86_64-linux-gnu/libpng12.so.0.50.0
7fe993635000-7fe993636000 rw-p 00025000 08:01 60821460                   /lib/x86_64-linux-gnu/libpng12.so.0.50.0
7fe993638000-7fe9936d9000 r-xp 00000000 08:01 19406965                   /usr/lib/x86_64-linux-gnu/libpixman-1.so.0.30.2
7fe9936d9000-7fe9938d9000 ---p 000a1000 08:01 19406965                   /usr/lib/x86_64-linux-gnu/libpixman-1.so.0.30.2
7fe9938d9000-7fe9938e0000 r--p 000a1000 08:01 19406965                   /usr/lib/x86_64-linux-gnu/libpixman-1.so.0.30.2
7fe9938e0000-7fe9938e1000 rw-p 000a8000 08:01 19406965                   /usr/lib/x86_64-linux-gnu/libpixman-1.so.0.30.2
7fe9938e8000-7fe9938ed000 r-xp 00000000 08:01 19406218                   /usr/lib/x86_64-linux-gnu/libXdmcp.so.6.0.0
7fe9938ed000-7fe993aec000 ---p 00005000 08:01 19406218                   /usr/lib/x86_64-linux-gnu/libXdmcp.so.6.0.0
7fe993aec000-7fe993aed000 r--p 00004000 08:01 19406218                   /usr/lib/x86_64-linux-gnu/libXdmcp.so.6.0.0
7fe993aed000-7fe993aee000 rw-p 00005000 08:01 19406218                   /usr/lib/x86_64-linux-gnu/libXdmcp.so.6.0.0
7fe993af0000-7fe993af2000 r-xp 00000000 08:01 19406207                   /usr/lib/x86_64-linux-gnu/libXau.so.6.0.0
7fe993af2000-7fe993cf2000 ---p 00002000 08:01 19406207                   /usr/lib/x86_64-linux-gnu/libXau.so.6.0.0
7fe993cf2000-7fe993cf3000 r--p 00002000 08:01 19406207                   /usr/lib/x86_64-linux-gnu/libXau.so.6.0.0
7fe993cf3000-7fe993cf4000 rw-p 00003000 08:01 19406207                   /usr/lib/x86_64-linux-gnu/libXau.so.6.0.0
7fe993cf8000-7fe993d07000 r-xp 00000000 08:01 19406311                   /usr/lib/x86_64-linux-gnu/libavahi-client.so.3.2.9
7fe993d07000-7fe993f07000 ---p 0000f000 08:01 19406311                   /usr/lib/x86_64-linux-gnu/libavahi-client.so.3.2.9
7fe993f07000-7fe993f08000 r--p 0000f000 08:01 19406311                   /usr/lib/x86_64-linux-gnu/libavahi-client.so.3.2.9
7fe993f08000-7fe993f09000 rw-p 00010000 08:01 19406311                   /usr/lib/x86_64-linux-gnu/libavahi-client.so.3.2.9
7fe993f10000-7fe993f1b000 r-xp 00000000 08:01 19406313                   /usr/lib/x86_64-linux-gnu/libavahi-common.so.3.5.3
7fe993f1b000-7fe99411a000 ---p 0000b000 08:01 19406313                   /usr/lib/x86_64-linux-gnu/libavahi-common.so.3.5.3
7fe99411a000-7fe99411b000 r--p 0000a000 08:01 19406313                   /usr/lib/x86_64-linux-gnu/libavahi-common.so.3.5.3
7fe99411b000-7fe99411c000 rw-p 0000b000 08:01 19406313                   /usr/lib/x86_64-linux-gnu/libavahi-common.so.3.5.3
7fe994120000-7fe9941d6000 r-xp 00000000 08:01 19406593                   /usr/lib/x86_64-linux-gnu/libgnutls.so.26.22.6
7fe9941d6000-7fe9943d6000 ---p 000b6000 08:01 19406593                   /usr/lib/x86_64-linux-gnu/libgnutls.so.26.22.6
7fe9943d6000-7fe9943dc000 r--p 000b6000 08:01 19406593                   /usr/lib/x86_64-linux-gnu/libgnutls.so.26.22.6
7fe9943dc000-7fe9943dd000 rw-p 000bc000 08:01 19406593                   /usr/lib/x86_64-linux-gnu/libgnutls.so.26.22.6
7fe9943dd000-7fe9943de000 rw-p 00000000 00:00 0 
7fe9943e0000-7fe994423000 r-xp 00000000 08:01 19406645                   /usr/lib/x86_64-linux-gnu/libgssapi_krb5.so.2.2
7fe994423000-7fe994623000 ---p 00043000 08:01 19406645                   /usr/lib/x86_64-linux-gnu/libgssapi_krb5.so.2.2
7fe994623000-7fe994624000 r--p 00043000 08:01 19406645                   /usr/lib/x86_64-linux-gnu/libgssapi_krb5.so.2.2
7fe994624000-7fe994626000 rw-p 00044000 08:01 19406645                   /usr/lib/x86_64-linux-gnu/libgssapi_krb5.so.2.2
7fe994628000-7fe994665000 r-xp 00000000 08:01 60821448                   /lib/x86_64-linux-gnu/libpcre.so.3.13.1
7fe994665000-7fe994864000 ---p 0003d000 08:01 60821448                   /lib/x86_64-linux-gnu/libpcre.so.3.13.1
7fe994864000-7fe994865000 r--p 0003c000 08:01 60821448                   /lib/x86_64-linux-gnu/libpcre.so.3.13.1
7fe994865000-7fe994866000 rw-p 0003d000 08:01 60821448                   /lib/x86_64-linux-gnu/libpcre.so.3.13.1
7fe994868000-7fe99486f000 r-xp 00000000 08:01 19406485                   /usr/lib/x86_64-linux-gnu/libffi.so.6.0.1
7fe99486f000-7fe994a6e000 ---p 00007000 08:01 19406485                   /usr/lib/x86_64-linux-gnu/libffi.so.6.0.1
7fe994a6e000-7fe994a6f000 r--p 00006000 08:01 19406485                   /usr/lib/x86_64-linux-gnu/libffi.so.6.0.1
7fe994a6f000-7fe994a70000 rw-p 00007000 08:01 19406485                   /usr/lib/x86_64-linux-gnu/libffi.so.6.0.1
7fe994a70000-7fe994a97000 r-xp 00000000 08:01 60821367                   /lib/x86_64-linux-gnu/libexpat.so.1.6.0
7fe994a97000-7fe994c97000 ---p 00027000 08:01 60821367                   /lib/x86_64-linux-gnu/libexpat.so.1.6.0
7fe994c97000-7fe994c99000 r--p 00027000 08:01 60821367                   /lib/x86_64-linux-gnu/libexpat.so.1.6.0
7fe994c99000-7fe994c9a000 rw-p 00029000 08:01 60821367                   /lib/x86_64-linux-gnu/libexpat.so.1.6.0
7fe994ca0000-7fe994d3d000 r-xp 00000000 08:01 19406498                   /usr/lib/x86_64-linux-gnu/libfreetype.so.6.11.1
7fe994d3d000-7fe994f3c000 ---p 0009d000 08:01 19406498                   /usr/lib/x86_64-linux-gnu/libfreetype.so.6.11.1
7fe994f3c000-7fe994f42000 r--p 0009c000 08:01 19406498                   /usr/lib/x86_64-linux-gnu/libfreetype.so.6.11.1
7fe994f42000-7fe994f43000 rw-p 000a2000 08:01 19406498                   /usr/lib/x86_64-linux-gnu/libfreetype.so.6.11.1
7fe994f48000-7fe994f50000 r-xp 00000000 08:01 19407135                   /usr/lib/x86_64-linux-gnu/libthai.so.0.2.0
7fe994f50000-7fe99514f000 ---p 00008000 08:01 19407135                   /usr/lib/x86_64-linux-gnu/libthai.so.0.2.0
7fe99514f000-7fe995150000 r--p 00007000 08:01 19407135                   /usr/lib/x86_64-linux-gnu/libthai.so.0.2.0
7fe995150000-7fe995151000 rw-p 00008000 08:01 19407135                   /usr/lib/x86_64-linux-gnu/libthai.so.0.2.0
7fe995158000-7fe99516f000 r-xp 00000000 08:01 60821471                   /lib/x86_64-linux-gnu/libresolv-2.19.so
7fe99516f000-7fe99536f000 ---p 00017000 08:01 60821471                   /lib/x86_64-linux-gnu/libresolv-2.19.so
7fe99536f000-7fe995370000 r--p 00017000 08:01 60821471                   /lib/x86_64-linux-gnu/libresolv-2.19.so
7fe995370000-7fe995371000 rw-p 00018000 08:01 60821471                   /lib/x86_64-linux-gnu/libresolv-2.19.so
7fe995371000-7fe995373000 rw-p 00000000 00:00 0 
7fe995378000-7fe995398000 r-xp 00000000 08:01 60821336                   /lib/x86_64-linux-gnu/libselinux.so.1
7fe995398000-7fe995597000 ---p 00020000 08:01 60821336                   /lib/x86_64-linux-gnu/libselinux.so.1
7fe995597000-7fe995598000 r--p 0001f000 08:01 60821336                   /lib/x86_64-linux-gnu/libselinux.so.1
7fe995598000-7fe995599000 rw-p 00020000 08:01 60821336                   /lib/x86_64-linux-gnu/libselinux.so.1
7fe995599000-7fe99559b000 rw-p 00000000 00:00 0 
7fe9955a0000-7fe9955a2000 r-xp 00000000 08:01 19406216                   /usr/lib/x86_64-linux-gnu/libXdamage.so.1.1.0
7fe9955a2000-7fe9957a1000 ---p 00002000 08:01 19406216                   /usr/lib/x86_64-linux-gnu/libXdamage.so.1.1.0
7fe9957a1000-7fe9957a2000 r--p 00001000 08:01 19406216                   /usr/lib/x86_64-linux-gnu/libXdamage.so.1.1.0
7fe9957a2000-7fe9957a3000 rw-p 00002000 08:01 19406216                   /usr/lib/x86_64-linux-gnu/libXdamage.so.1.1.0
7fe9957a8000-7fe9957aa000 r-xp 00000000 08:01 19406212                   /usr/lib/x86_64-linux-gnu/libXcomposite.so.1.0.0
7fe9957aa000-7fe9959a9000 ---p 00002000 08:01 19406212                   /usr/lib/x86_64-linux-gnu/libXcomposite.so.1.0.0
7fe9959a9000-7fe9959aa000 r--p 00001000 08:01 19406212                   /usr/lib/x86_64-linux-gnu/libXcomposite.so.1.0.0
7fe9959aa000-7fe9959ab000 rw-p 00002000 08:01 19406212                   /usr/lib/x86_64-linux-gnu/libXcomposite.so.1.0.0
7fe9959b0000-7fe9959b9000 r-xp 00000000 08:01 19406214                   /usr/lib/x86_64-linux-gnu/libXcursor.so.1.0.2
7fe9959b9000-7fe995bb8000 ---p 00009000 08:01 19406214                   /usr/lib/x86_64-linux-gnu/libXcursor.so.1.0.2
7fe995bb8000-7fe995bb9000 r--p 00008000 08:01 19406214                   /usr/lib/x86_64-linux-gnu/libXcursor.so.1.0.2
7fe995bb9000-7fe995bba000 rw-p 00009000 08:01 19406214                   /usr/lib/x86_64-linux-gnu/libXcursor.so.1.0.2
7fe995bc0000-7fe995bc9000 r-xp 00000000 08:01 19406240                   /usr/lib/x86_64-linux-gnu/libXrandr.so.2.2.0
7fe995bc9000-7fe995dc8000 ---p 00009000 08:01 19406240                   /usr/lib/x86_64-linux-gnu/libXrandr.so.2.2.0
7fe995dc8000-7fe995dc9000 r--p 00008000 08:01 19406240                   /usr/lib/x86_64-linux-gnu/libXrandr.so.2.2.0
7fe995dc9000-7fe995dca000 rw-p 00009000 08:01 19406240                   /usr/lib/x86_64-linux-gnu/libXrandr.so.2.2.0
7fe995dd0000-7fe995dd2000 r-xp 00000000 08:01 19406230                   /usr/lib/x86_64-linux-gnu/libXinerama.so.1.0.0
7fe995dd2000-7fe995fd1000 ---p 00002000 08:01 19406230                   /usr/lib/x86_64-linux-gnu/libXinerama.so.1.0.0
7fe995fd1000-7fe995fd2000 r--p 00001000 08:01 19406230                   /usr/lib/x86_64-linux-gnu/libXinerama.so.1.0.0
7fe995fd2000-7fe995fd3000 rw-p 00002000 08:01 19406230                   /usr/lib/x86_64-linux-gnu/libXinerama.so.1.0.0
7fe995fd8000-7fe995fec000 r-xp 00000000 08:01 19406946                   /usr/lib/x86_64-linux-gnu/libpangoft2-1.0.so.0.3600.3
7fe995fec000-7fe9961eb000 ---p 00014000 08:01 19406946                   /usr/lib/x86_64-linux-gnu/libpangoft2-1.0.so.0.3600.3
7fe9961eb000-7fe9961ec000 r--p 00013000 08:01 19406946                   /usr/lib/x86_64-linux-gnu/libpangoft2-1.0.so.0.3600.3
7fe9961ec000-7fe9961ed000 rw-p 00014000 08:01 19406946                   /usr/lib/x86_64-linux-gnu/libpangoft2-1.0.so.0.3600.3
7fe9961f0000-7fe9962f6000 r-xp 00000000 08:01 19406338                   /usr/lib/x86_64-linux-gnu/libcairo.so.2.11301.0
7fe9962f6000-7fe9964f5000 ---p 00106000 08:01 19406338                   /usr/lib/x86_64-linux-gnu/libcairo.so.2.11301.0
7fe9964f5000-7fe9964f8000 r--p 00105000 08:01 19406338                   /usr/lib/x86_64-linux-gnu/libcairo.so.2.11301.0
7fe9964f8000-7fe9964f9000 rw-p 00108000 08:01 19406338                   /usr/lib/x86_64-linux-gnu/libcairo.so.2.11301.0
7fe9964f9000-7fe9964fb000 rw-p 00000000 00:00 0 
7fe996500000-7fe99651f000 r-xp 00000000 08:01 19406299                   /usr/lib/x86_64-linux-gnu/libatk-1.0.so.0.21009.1
7fe99651f000-7fe99671f000 ---p 0001f000 08:01 19406299                   /usr/lib/x86_64-linux-gnu/libatk-1.0.so.0.21009.1
7fe99671f000-7fe996721000 r--p 0001f000 08:01 19406299                   /usr/lib/x86_64-linux-gnu/libatk-1.0.so.0.21009.1
7fe996721000-7fe996722000 rw-p 00021000 08:01 19406299                   /usr/lib/x86_64-linux-gnu/libatk-1.0.so.0.21009.1
7fe996728000-7fe99672d000 r-xp 00000000 08:01 19406222                   /usr/lib/x86_64-linux-gnu/libXfixes.so.3.1.0
7fe99672d000-7fe99692c000 ---p 00005000 08:01 19406222                   /usr/lib/x86_64-linux-gnu/libXfixes.so.3.1.0
7fe99692c000-7fe99692d000 r--p 00004000 08:01 19406222                   /usr/lib/x86_64-linux-gnu/libXfixes.so.3.1.0
7fe99692d000-7fe99692e000 rw-p 00005000 08:01 19406222                   /usr/lib/x86_64-linux-gnu/libXfixes.so.3.1.0
7fe996930000-7fe99693b000 r-xp 00000000 08:01 19406944                   /usr/lib/x86_64-linux-gnu/libpangocairo-1.0.so.0.3600.3
7fe99693b000-7fe996b3b000 ---p 0000b000 08:01 19406944                   /usr/lib/x86_64-linux-gnu/libpangocairo-1.0.so.0.3600.3
7fe996b3b000-7fe996b3c000 r--p 0000b000 08:01 19406944                   /usr/lib/x86_64-linux-gnu/libpangocairo-1.0.so.0.3600.3
7fe996b3c000-7fe996b3d000 rw-p 0000c000 08:01 19406944                   /usr/lib/x86_64-linux-gnu/libpangocairo-1.0.so.0.3600.3
7fe996b40000-7fe996b43000 r-xp 00000000 08:01 19406602                   /usr/lib/x86_64-linux-gnu/libgmodule-2.0.so.0.4000.0
7fe996b43000-7fe996d42000 ---p 00003000 08:01 19406602                   /usr/lib/x86_64-linux-gnu/libgmodule-2.0.so.0.4000.0
7fe996d42000-7fe996d43000 r--p 00002000 08:01 19406602                   /usr/lib/x86_64-linux-gnu/libgmodule-2.0.so.0.4000.0
7fe996d43000-7fe996d44000 rw-p 00003000 08:01 19406602                   /usr/lib/x86_64-linux-gnu/libgmodule-2.0.so.0.4000.0
7fe996d48000-7fe996d65000 r-xp 00000000 08:01 19407275                   /usr/lib/x86_64-linux-gnu/libxcb.so.1.1.0
7fe996d65000-7fe996f65000 ---p 0001d000 08:01 19407275                   /usr/lib/x86_64-linux-gnu/libxcb.so.1.1.0
7fe996f65000-7fe996f66000 r--p 0001d000 08:01 19407275                   /usr/lib/x86_64-linux-gnu/libxcb.so.1.1.0
7fe996f66000-7fe996f67000 rw-p 0001e000 08:01 19407275                   /usr/lib/x86_64-linux-gnu/libxcb.so.1.1.0
7fe996f68000-7fe996fd4000 r-xp 00000000 08:01 19402323                   /usr/lib/x86_64-linux-gnu/libcups.so.2
7fe996fd4000-7fe9971d4000 ---p 0006c000 08:01 19402323                   /usr/lib/x86_64-linux-gnu/libcups.so.2
7fe9971d4000-7fe9971db000 r--p 0006c000 08:01 19402323                   /usr/lib/x86_64-linux-gnu/libcups.so.2
7fe9971db000-7fe9971dc000 rw-p 00073000 08:01 19402323                   /usr/lib/x86_64-linux-gnu/libcups.so.2
7fe9971e0000-7fe9972e6000 r-xp 00000000 08:01 60821376                   /lib/x86_64-linux-gnu/libglib-2.0.so.0.4000.0
7fe9972e6000-7fe9974e5000 ---p 00106000 08:01 60821376                   /lib/x86_64-linux-gnu/libglib-2.0.so.0.4000.0
7fe9974e5000-7fe9974e6000 r--p 00105000 08:01 60821376                   /lib/x86_64-linux-gnu/libglib-2.0.so.0.4000.0
7fe9974e6000-7fe9974e7000 rw-p 00106000 08:01 60821376                   /lib/x86_64-linux-gnu/libglib-2.0.so.0.4000.0
7fe9974e7000-7fe9974e8000 rw-p 00000000 00:00 0 
7fe9974e8000-7fe9974e9000 r-xp 00000000 08:01 19406725                   /usr/lib/x86_64-linux-gnu/libgthread-2.0.so.0.4000.0
7fe9974e9000-7fe9976e8000 ---p 00001000 08:01 19406725                   /usr/lib/x86_64-linux-gnu/libgthread-2.0.so.0.4000.0
7fe9976e8000-7fe9976e9000 r--p 00000000 08:01 19406725                   /usr/lib/x86_64-linux-gnu/libgthread-2.0.so.0.4000.0
7fe9976e9000-7fe9976ea000 rw-p 00001000 08:01 19406725                   /usr/lib/x86_64-linux-gnu/libgthread-2.0.so.0.4000.0
7fe9976f0000-7fe99773f000 r-xp 00000000 08:01 19406618                   /usr/lib/x86_64-linux-gnu/libgobject-2.0.so.0.4000.0
7fe99773f000-7fe99793f000 ---p 0004f000 08:01 19406618                   /usr/lib/x86_64-linux-gnu/libgobject-2.0.so.0.4000.0
7fe99793f000-7fe997940000 r--p 0004f000 08:01 19406618                   /usr/lib/x86_64-linux-gnu/libgobject-2.0.so.0.4000.0
7fe997940000-7fe997941000 rw-p 00050000 08:01 19406618                   /usr/lib/x86_64-linux-gnu/libgobject-2.0.so.0.4000.0
7fe997948000-7fe997982000 r-xp 00000000 08:01 19406612                   /usr/lib/x86_64-linux-gnu/libfontconfig.so.1.8.0
7fe997982000-7fe997b81000 ---p 0003a000 08:01 19406612                   /usr/lib/x86_64-linux-gnu/libfontconfig.so.1.8.0
7fe997b81000-7fe997b83000 r--p 00039000 08:01 19406612                   /usr/lib/x86_64-linux-gnu/libfontconfig.so.1.8.0
7fe997b83000-7fe997b84000 rw-p 0003b000 08:01 19406612                   /usr/lib/x86_64-linux-gnu/libfontconfig.so.1.8.0
7fe997b88000-7fe997bd2000 r-xp 00000000 08:01 19406942                   /usr/lib/x86_64-linux-gnu/libpango-1.0.so.0.3600.3
7fe997bd2000-7fe997dd2000 ---p 0004a000 08:01 19406942                   /usr/lib/x86_64-linux-gnu/libpango-1.0.so.0.3600.3
7fe997dd2000-7fe997dd4000 r--p 0004a000 08:01 19406942                   /usr/lib/x86_64-linux-gnu/libpango-1.0.so.0.3600.3
7fe997dd4000-7fe997dd5000 rw-p 0004c000 08:01 19406942                   /usr/lib/x86_64-linux-gnu/libpango-1.0.so.0.3600.3
7fe997dd8000-7fe997df7000 r-xp 00000000 08:01 19406564                   /usr/lib/x86_64-linux-gnu/libgdk_pixbuf-2.0.so.0.3000.7
7fe997df7000-7fe997ff7000 ---p 0001f000 08:01 19406564                   /usr/lib/x86_64-linux-gnu/libgdk_pixbuf-2.0.so.0.3000.7
7fe997ff7000-7fe997ff8000 r--p 0001f000 08:01 19406564                   /usr/lib/x86_64-linux-gnu/libgdk_pixbuf-2.0.so.0.3000.7
7fe997ff8000-7fe997ff9000 rw-p 00020000 08:01 19406564                   /usr/lib/x86_64-linux-gnu/libgdk_pixbuf-2.0.so.0.3000.7
7fe998000000-7fe998021000 rw-p 00000000 00:00 0 
7fe998021000-7fe99c000000 ---p 00000000 00:00 0 
7fe99c000000-7fe99c021000 rw-p 00000000 00:00 0 
7fe99c021000-7fe9a0000000 ---p 00000000 00:00 0 
7fe9a0000000-7fe9a0b79000 rw-p 00000000 00:00 0 
7fe9a0b79000-7fe9a4000000 ---p 00000000 00:00 0 
7fe9a4000000-7fe9a5407000 rw-p 00000000 00:00 0 
7fe9a5407000-7fe9a8000000 ---p 00000000 00:00 0 
7fe9a8000000-7fe9a8021000 rw-p 00000000 00:00 0 
7fe9a8021000-7fe9ac000000 ---p 00000000 00:00 0 
7fe9ac000000-7fe9ac021000 rw-p 00000000 00:00 0 
7fe9ac021000-7fe9b0000000 ---p 00000000 00:00 0 
7fe9b0000000-7fe9b023c000 rw-p 00000000 00:00 0 
7fe9b023c000-7fe9b4000000 ---p 00000000 00:00 0 
7fe9b4000000-7fe9b4021000 rw-p 00000000 00:00 0 
7fe9b4021000-7fe9b8000000 ---p 00000000 00:00 0 
7fe9b8000000-7fe9b8021000 rw-p 00000000 00:00 0 
7fe9b8021000-7fe9bc000000 ---p 00000000 00:00 0 
7fe9bc010000-7fe9bc011000 rw-s 148f38000 00:05 1203                      /dev/dri/card0
7fe9bc016000-7fe9bc026000 rw-s 146ece000 00:05 1203                      /dev/dri/card0
7fe9bc02a000-7fe9bc03a000 rw-s 146eba000 00:05 1203                      /dev/dri/card0
7fe9bc03e000-7fe9bc04e000 rw-s 1271c6000 00:05 1203                      /dev/dri/card0
7fe9bc055000-7fe9bc077000 rw-p 00000000 00:00 0 
7fe9bc077000-7fe9bc0b4000 r--s 005d7000 00:19 60165634                   /home/cody/eclipse/OpenGL/libs/commons-math3-3.4.1/commons-math3-3.4.1-javadoc.jar
7fe9bc0b8000-7fe9bc223000 r-xp 00000000 08:01 19406588                   /usr/lib/x86_64-linux-gnu/libgio-2.0.so.0.4000.0
7fe9bc223000-7fe9bc423000 ---p 0016b000 08:01 19406588                   /usr/lib/x86_64-linux-gnu/libgio-2.0.so.0.4000.0
7fe9bc423000-7fe9bc427000 r--p 0016b000 08:01 19406588                   /usr/lib/x86_64-linux-gnu/libgio-2.0.so.0.4000.0
7fe9bc427000-7fe9bc429000 rw-p 0016f000 08:01 19406588                   /usr/lib/x86_64-linux-gnu/libgio-2.0.so.0.4000.0
7fe9bc429000-7fe9bc42b000 rw-p 00000000 00:00 0 
7fe9bc430000-7fe9bc4dd000 r-xp 00000000 08:01 19402389                   /usr/lib/x86_64-linux-gnu/libgdk-x11-2.0.so.0.2400.23
7fe9bc4dd000-7fe9bc6dc000 ---p 000ad000 08:01 19402389                   /usr/lib/x86_64-linux-gnu/libgdk-x11-2.0.so.0.2400.23
7fe9bc6dc000-7fe9bc6e0000 r--p 000ac000 08:01 19402389                   /usr/lib/x86_64-linux-gnu/libgdk-x11-2.0.so.0.2400.23
7fe9bc6e0000-7fe9bc6e2000 rw-p 000b0000 08:01 19402389                   /usr/lib/x86_64-linux-gnu/libgdk-x11-2.0.so.0.2400.23
7fe9bc6e8000-7fe9bcb17000 r-xp 00000000 08:01 19402375                   /usr/lib/x86_64-linux-gnu/libgtk-x11-2.0.so.0.2400.23
7fe9bcb17000-7fe9bcd16000 ---p 0042f000 08:01 19402375                   /usr/lib/x86_64-linux-gnu/libgtk-x11-2.0.so.0.2400.23
7fe9bcd16000-7fe9bcd1d000 r--p 0042e000 08:01 19402375                   /usr/lib/x86_64-linux-gnu/libgtk-x11-2.0.so.0.2400.23
7fe9bcd1d000-7fe9bcd21000 rw-p 00435000 08:01 19402375                   /usr/lib/x86_64-linux-gnu/libgtk-x11-2.0.so.0.2400.23
7fe9bcd21000-7fe9bcd24000 rw-p 00000000 00:00 0 
7fe9bcd28000-7fe9bcd37000 r-xp 00000000 08:01 19406228                   /usr/lib/x86_64-linux-gnu/libXi.so.6.1.0
7fe9bcd37000-7fe9bcf36000 ---p 0000f000 08:01 19406228                   /usr/lib/x86_64-linux-gnu/libXi.so.6.1.0
7fe9bcf36000-7fe9bcf37000 r--p 0000e000 08:01 19406228                   /usr/lib/x86_64-linux-gnu/libXi.so.6.1.0
7fe9bcf37000-7fe9bcf38000 rw-p 0000f000 08:01 19406228                   /usr/lib/x86_64-linux-gnu/libXi.so.6.1.0
7fe9bcf38000-7fe9bcf3d000 r-xp 00000000 08:01 19406248                   /usr/lib/x86_64-linux-gnu/libXtst.so.6.1.0
7fe9bcf3d000-7fe9bd13c000 ---p 00005000 08:01 19406248                   /usr/lib/x86_64-linux-gnu/libXtst.so.6.1.0
7fe9bd13c000-7fe9bd13d000 r--p 00004000 08:01 19406248                   /usr/lib/x86_64-linux-gnu/libXtst.so.6.1.0
7fe9bd13d000-7fe9bd13e000 rw-p 00005000 08:01 19406248                   /usr/lib/x86_64-linux-gnu/libXtst.so.6.1.0
7fe9bd140000-7fe9bd149000 r-xp 00000000 08:01 19406242                   /usr/lib/x86_64-linux-gnu/libXrender.so.1.3.0
7fe9bd149000-7fe9bd348000 ---p 00009000 08:01 19406242                   /usr/lib/x86_64-linux-gnu/libXrender.so.1.3.0
7fe9bd348000-7fe9bd349000 r--p 00008000 08:01 19406242                   /usr/lib/x86_64-linux-gnu/libXrender.so.1.3.0
7fe9bd349000-7fe9bd34a000 rw-p 00009000 08:01 19406242                   /usr/lib/x86_64-linux-gnu/libXrender.so.1.3.0
7fe9bd350000-7fe9bd480000 r-xp 00000000 08:01 19406203                   /usr/lib/x86_64-linux-gnu/libX11.so.6.3.0
7fe9bd480000-7fe9bd680000 ---p 00130000 08:01 19406203                   /usr/lib/x86_64-linux-gnu/libX11.so.6.3.0
7fe9bd680000-7fe9bd681000 r--p 00130000 08:01 19406203                   /usr/lib/x86_64-linux-gnu/libX11.so.6.3.0
7fe9bd681000-7fe9bd685000 rw-p 00131000 08:01 19406203                   /usr/lib/x86_64-linux-gnu/libX11.so.6.3.0
7fe9bd688000-7fe9bd699000 r-xp 00000000 08:01 19406220                   /usr/lib/x86_64-linux-gnu/libXext.so.6.4.0
7fe9bd699000-7fe9bd898000 ---p 00011000 08:01 19406220                   /usr/lib/x86_64-linux-gnu/libXext.so.6.4.0
7fe9bd898000-7fe9bd899000 r--p 00010000 08:01 19406220                   /usr/lib/x86_64-linux-gnu/libXext.so.6.4.0
7fe9bd899000-7fe9bd89a000 rw-p 00011000 08:01 19406220                   /usr/lib/x86_64-linux-gnu/libXext.so.6.4.0
7fe9bd8a0000-7fe9bd8f1000 r-xp 00000000 08:01 21242384                   /usr/lib/jvm/java-7-openjdk-amd64/jre/lib/amd64/xawt/libmawt.so
7fe9bd8f1000-7fe9bdaf0000 ---p 00051000 08:01 21242384                   /usr/lib/jvm/java-7-openjdk-amd64/jre/lib/amd64/xawt/libmawt.so
7fe9bdaf0000-7fe9bdaf1000 r--p 00050000 08:01 21242384                   /usr/lib/jvm/java-7-openjdk-amd64/jre/lib/amd64/xawt/libmawt.so
7fe9bdaf1000-7fe9bdaf4000 rw-p 00051000 08:01 21242384                   /usr/lib/jvm/java-7-openjdk-amd64/jre/lib/amd64/xawt/libmawt.so
7fe9bdaf4000-7fe9bdaf5000 rw-p 00000000 00:00 0 
7fe9bdaf8000-7fe9bdb98000 r-xp 00000000 08:01 21242324                   /usr/lib/jvm/java-7-openjdk-amd64/jre/lib/amd64/libawt.so
7fe9bdb98000-7fe9bdd97000 ---p 000a0000 08:01 21242324                   /usr/lib/jvm/java-7-openjdk-amd64/jre/lib/amd64/libawt.so
7fe9bdd97000-7fe9bdd98000 r--p 0009f000 08:01 21242324                   /usr/lib/jvm/java-7-openjdk-amd64/jre/lib/amd64/libawt.so
7fe9bdd98000-7fe9bdda3000 rw-p 000a0000 08:01 21242324                   /usr/lib/jvm/java-7-openjdk-amd64/jre/lib/amd64/libawt.so
7fe9bdda3000-7fe9bddc8000 rw-p 00000000 00:00 0 
7fe9bddcb000-7fe9bddcc000 ---p 00000000 00:00 0 
7fe9bddcc000-7fe9bdecc000 rw-p 00000000 00:00 0                          [stack:22122]
7fe9bdecc000-7fe9bdecf000 ---p 00000000 00:00 0 
7fe9bdecf000-7fe9bdfcd000 rw-p 00000000 00:00 0                          [stack:22121]
7fe9bdfcd000-7fe9bdfd0000 ---p 00000000 00:00 0 
7fe9bdfd0000-7fe9be0ce000 rw-p 00000000 00:00 0                          [stack:22120]
7fe9be0ce000-7fe9be0d1000 ---p 00000000 00:00 0 
7fe9be0d1000-7fe9be1cf000 rw-p 00000000 00:00 0                          [stack:22119]
7fe9be1cf000-7fe9be1d2000 ---p 00000000 00:00 0 
7fe9be1d2000-7fe9c0000000 rw-p 00000000 00:00 0                          [stack:22118]
7fe9c0000000-7fe9c0021000 rw-p 00000000 00:00 0 
7fe9c0021000-7fe9c4000000 ---p 00000000 00:00 0 
7fe9c4000000-7fe9c4021000 rw-p 00000000 00:00 0 
7fe9c4021000-7fe9c8000000 ---p 00000000 00:00 0 
7fe9c8000000-7fe9c8021000 rw-p 00000000 00:00 0 
7fe9c8021000-7fe9cc000000 ---p 00000000 00:00 0 
7fe9cc007000-7fe9cc008000 rw-s 148f37000 00:05 1203                      /dev/dri/card0
7fe9cc00d000-7fe9cc00e000 rw-s 148e35000 00:05 1203                      /dev/dri/card0
7fe9cc010000-7fe9cc6f2000 r--p 00000000 08:01 19405319                   /usr/lib/locale/locale-archive
7fe9cc6f7000-7fe9cc6fa000 ---p 00000000 00:00 0 
7fe9cc6fa000-7fe9cc7f8000 rw-p 00000000 00:00 0                          [stack:22117]
7fe9cc7f8000-7fe9cc7fb000 ---p 00000000 00:00 0 
7fe9cc7fb000-7fe9cc8f9000 rw-p 00000000 00:00 0                          [stack:22116]
7fe9cc8f9000-7fe9cc8fa000 ---p 00000000 00:00 0 
7fe9cc8fa000-7fe9cd000000 rw-p 00000000 00:00 0                          [stack:22115]
7fe9cd000000-7fe9cd270000 rwxp 00000000 00:00 0 
7fe9cd270000-7fe9d0728000 rw-p 00000000 00:00 0 
7fe9d0728000-7fe9d4000000 ---p 00000000 00:00 0 
7fe9d4004000-7fe9d4005000 rw-s 148e34000 00:05 1203                      /dev/dri/card0
7fe9d400b000-7fe9d400c000 rw-s 148e33000 00:05 1203                      /dev/dri/card0
7fe9d4013000-7fe9d4035000 rw-p 00000000 00:00 0 
7fe9d4035000-7fe9d4059000 r--s 001cd000 00:19 60165638                   /home/cody/eclipse/OpenGL/libs/commons-math3-3.4.1/commons-math3-3.4.1.jar
7fe9d4060000-7fe9d4063000 ---p 00000000 00:00 0 
7fe9d4063000-7fe9d4099000 rw-p 00000000 00:00 0                          [stack:22126]
7fe9d4099000-7fe9d40a2000 r--s 000b9000 08:01 21242264                   /usr/lib/jvm/java-7-openjdk-amd64/jre/lib/resources.jar
7fe9d40a5000-7fe9d40b2000 r--s 000d5000 00:19 59769051                   /home/cody/eclipse/OpenGL/libs/lwjgl.jar
7fe9d40b7000-7fe9d40bb000 r--s 00027000 00:19 59769052                   /home/cody/eclipse/OpenGL/libs/lwjgl_util.jar
7fe9d40be000-7fe9d40c0000 r--s 00006000 08:01 19797389                   /usr/share/java/java-atk-wrapper.jar
7fe9d40c2000-7fe9d40c3000 r--s 00002000 08:01 21242262                   /usr/lib/jvm/java-7-openjdk-amd64/jre/lib/ext/dnsns.jar
7fe9d40ca000-7fe9d40cc000 r--s 00012000 08:01 21242258                   /usr/lib/jvm/java-7-openjdk-amd64/jre/lib/ext/zipfs.jar
7fe9d40cd000-7fe9d4ac4000 rw-p 00000000 00:00 0 
7fe9d4ac4000-7fe9d4c72000 r--s 01cfc000 08:01 21242253                   /usr/lib/jvm/java-7-openjdk-amd64/jre/lib/rt.jar
7fe9d4c79000-7fe9d4f45000 rw-p 00000000 00:00 0 
7fe9d4f45000-7fe9d4f46000 ---p 00000000 00:00 0 
7fe9d4f46000-7fe9d5046000 rw-p 00000000 00:00 0                          [stack:22114]
7fe9d5046000-7fe9d5047000 ---p 00000000 00:00 0 
7fe9d5047000-7fe9d5147000 rw-p 00000000 00:00 0                          [stack:22113]
7fe9d5147000-7fe9d5148000 ---p 00000000 00:00 0 
7fe9d5148000-7fe9d5248000 rw-p 00000000 00:00 0                          [stack:22112]
7fe9d5248000-7fe9d5249000 ---p 00000000 00:00 0 
7fe9d5249000-7fe9d5354000 rw-p 00000000 00:00 0                          [stack:22111]
7fe9d5354000-7fe9d539c000 rw-p 00000000 00:00 0 
7fe9d539c000-7fe9d53ac000 rw-p 00000000 00:00 0 
7fe9d53ac000-7fe9d549c000 rw-p 00000000 00:00 0 
7fe9d549c000-7fe9d54a7000 rw-p 00000000 00:00 0 
7fe9d54a7000-7fe9d54ef000 rw-p 00000000 00:00 0 
7fe9d54ef000-7fe9d54ff000 rw-p 00000000 00:00 0 
7fe9d54ff000-7fe9d55ef000 rw-p 00000000 00:00 0 
7fe9d55ef000-7fe9d5621000 rw-p 00000000 00:00 0 
7fe9d5621000-7fe9d566f000 rw-p 00000000 00:00 0 
7fe9d566f000-7fe9d5670000 rw-p 00000000 00:00 0 
7fe9d5670000-7fe9d5678000 r-xp 00000000 08:01 21242301                   /usr/lib/jvm/java-7-openjdk-amd64/jre/lib/amd64/libzip.so
7fe9d5678000-7fe9d5877000 ---p 00008000 08:01 21242301                   /usr/lib/jvm/java-7-openjdk-amd64/jre/lib/amd64/libzip.so
7fe9d5877000-7fe9d5878000 r--p 00007000 08:01 21242301                   /usr/lib/jvm/java-7-openjdk-amd64/jre/lib/amd64/libzip.so
7fe9d5878000-7fe9d5879000 rw-p 00008000 08:01 21242301                   /usr/lib/jvm/java-7-openjdk-amd64/jre/lib/amd64/libzip.so
7fe9d5880000-7fe9d588b000 r-xp 00000000 08:01 60821420                   /lib/x86_64-linux-gnu/libnss_files-2.19.so
7fe9d588b000-7fe9d5a8a000 ---p 0000b000 08:01 60821420                   /lib/x86_64-linux-gnu/libnss_files-2.19.so
7fe9d5a8a000-7fe9d5a8b000 r--p 0000a000 08:01 60821420                   /lib/x86_64-linux-gnu/libnss_files-2.19.so
7fe9d5a8b000-7fe9d5a8c000 rw-p 0000b000 08:01 60821420                   /lib/x86_64-linux-gnu/libnss_files-2.19.so
7fe9d5a90000-7fe9d5a9b000 r-xp 00000000 08:01 60821430                   /lib/x86_64-linux-gnu/libnss_nis-2.19.so
7fe9d5a9b000-7fe9d5c9a000 ---p 0000b000 08:01 60821430                   /lib/x86_64-linux-gnu/libnss_nis-2.19.so
7fe9d5c9a000-7fe9d5c9b000 r--p 0000a000 08:01 60821430                   /lib/x86_64-linux-gnu/libnss_nis-2.19.so
7fe9d5c9b000-7fe9d5c9c000 rw-p 0000b000 08:01 60821430                   /lib/x86_64-linux-gnu/libnss_nis-2.19.so
7fe9d5ca0000-7fe9d5cb7000 r-xp 00000000 08:01 60821414                   /lib/x86_64-linux-gnu/libnsl-2.19.so
7fe9d5cb7000-7fe9d5eb6000 ---p 00017000 08:01 60821414                   /lib/x86_64-linux-gnu/libnsl-2.19.so
7fe9d5eb6000-7fe9d5eb7000 r--p 00016000 08:01 60821414                   /lib/x86_64-linux-gnu/libnsl-2.19.so
7fe9d5eb7000-7fe9d5eb8000 rw-p 00017000 08:01 60821414                   /lib/x86_64-linux-gnu/libnsl-2.19.so
7fe9d5eb8000-7fe9d5eba000 rw-p 00000000 00:00 0 
7fe9d5ec0000-7fe9d5ec9000 r-xp 00000000 08:01 60821416                   /lib/x86_64-linux-gnu/libnss_compat-2.19.so
7fe9d5ec9000-7fe9d60c8000 ---p 00009000 08:01 60821416                   /lib/x86_64-linux-gnu/libnss_compat-2.19.so
7fe9d60c8000-7fe9d60c9000 r--p 00008000 08:01 60821416                   /lib/x86_64-linux-gnu/libnss_compat-2.19.so
7fe9d60c9000-7fe9d60ca000 rw-p 00009000 08:01 60821416                   /lib/x86_64-linux-gnu/libnss_compat-2.19.so
7fe9d60d0000-7fe9d60fb000 r-xp 00000000 08:01 21242297                   /usr/lib/jvm/java-7-openjdk-amd64/jre/lib/amd64/libjava.so
7fe9d60fb000-7fe9d62fa000 ---p 0002b000 08:01 21242297                   /usr/lib/jvm/java-7-openjdk-amd64/jre/lib/amd64/libjava.so
7fe9d62fa000-7fe9d62fb000 r--p 0002a000 08:01 21242297                   /usr/lib/jvm/java-7-openjdk-amd64/jre/lib/amd64/libjava.so
7fe9d62fb000-7fe9d62fd000 rw-p 0002b000 08:01 21242297                   /usr/lib/jvm/java-7-openjdk-amd64/jre/lib/amd64/libjava.so
7fe9d6300000-7fe9d6310000 r-xp 00000000 08:01 21242330                   /usr/lib/jvm/java-7-openjdk-amd64/jre/lib/amd64/libverify.so
7fe9d6310000-7fe9d650f000 ---p 00010000 08:01 21242330                   /usr/lib/jvm/java-7-openjdk-amd64/jre/lib/amd64/libverify.so
7fe9d650f000-7fe9d6511000 r--p 0000f000 08:01 21242330                   /usr/lib/jvm/java-7-openjdk-amd64/jre/lib/amd64/libverify.so
7fe9d6511000-7fe9d6512000 rw-p 00011000 08:01 21242330                   /usr/lib/jvm/java-7-openjdk-amd64/jre/lib/amd64/libverify.so
7fe9d6518000-7fe9d651f000 r-xp 00000000 08:01 60821473                   /lib/x86_64-linux-gnu/librt-2.19.so
7fe9d651f000-7fe9d671e000 ---p 00007000 08:01 60821473                   /lib/x86_64-linux-gnu/librt-2.19.so
7fe9d671e000-7fe9d671f000 r--p 00006000 08:01 60821473                   /lib/x86_64-linux-gnu/librt-2.19.so
7fe9d671f000-7fe9d6720000 rw-p 00007000 08:01 60821473                   /lib/x86_64-linux-gnu/librt-2.19.so
7fe9d6720000-7fe9d6736000 r-xp 00000000 08:01 60821372                   /lib/x86_64-linux-gnu/libgcc_s.so.1
7fe9d6736000-7fe9d6935000 ---p 00016000 08:01 60821372                   /lib/x86_64-linux-gnu/libgcc_s.so.1
7fe9d6935000-7fe9d6936000 rw-p 00015000 08:01 60821372                   /lib/x86_64-linux-gnu/libgcc_s.so.1
7fe9d6938000-7fe9d6a3d000 r-xp 00000000 08:01 60821395                   /lib/x86_64-linux-gnu/libm-2.19.so
7fe9d6a3d000-7fe9d6c3c000 ---p 00105000 08:01 60821395                   /lib/x86_64-linux-gnu/libm-2.19.so
7fe9d6c3c000-7fe9d6c3d000 r--p 00104000 08:01 60821395                   /lib/x86_64-linux-gnu/libm-2.19.so
7fe9d6c3d000-7fe9d6c3e000 rw-p 00105000 08:01 60821395                   /lib/x86_64-linux-gnu/libm-2.19.so
7fe9d6c40000-7fe9d6d26000 r-xp 00000000 08:01 19407113                   /usr/lib/x86_64-linux-gnu/libstdc++.so.6.0.19
7fe9d6d26000-7fe9d6f25000 ---p 000e6000 08:01 19407113                   /usr/lib/x86_64-linux-gnu/libstdc++.so.6.0.19
7fe9d6f25000-7fe9d6f2d000 r--p 000e5000 08:01 19407113                   /usr/lib/x86_64-linux-gnu/libstdc++.so.6.0.19
7fe9d6f2d000-7fe9d6f2f000 rw-p 000ed000 08:01 19407113                   /usr/lib/x86_64-linux-gnu/libstdc++.so.6.0.19
7fe9d6f2f000-7fe9d6f44000 rw-p 00000000 00:00 0 
7fe9d6f48000-7fe9d7a29000 r-xp 00000000 08:01 21242312                   /usr/lib/jvm/java-7-openjdk-amd64/jre/lib/amd64/server/libjvm.so
7fe9d7a29000-7fe9d7c28000 ---p 00ae1000 08:01 21242312                   /usr/lib/jvm/java-7-openjdk-amd64/jre/lib/amd64/server/libjvm.so
7fe9d7c28000-7fe9d7cba000 r--p 00ae0000 08:01 21242312                   /usr/lib/jvm/java-7-openjdk-amd64/jre/lib/amd64/server/libjvm.so
7fe9d7cba000-7fe9d7cdd000 rw-p 00b72000 08:01 21242312                   /usr/lib/jvm/java-7-openjdk-amd64/jre/lib/amd64/server/libjvm.so
7fe9d7cdd000-7fe9d7d0a000 rw-p 00000000 00:00 0 
7fe9d7d10000-7fe9d7d28000 r-xp 00000000 08:01 60821508                   /lib/x86_64-linux-gnu/libz.so.1.2.8
7fe9d7d28000-7fe9d7f27000 ---p 00018000 08:01 60821508                   /lib/x86_64-linux-gnu/libz.so.1.2.8
7fe9d7f27000-7fe9d7f28000 r--p 00017000 08:01 60821508                   /lib/x86_64-linux-gnu/libz.so.1.2.8
7fe9d7f28000-7fe9d7f29000 rw-p 00018000 08:01 60821508                   /lib/x86_64-linux-gnu/libz.so.1.2.8
7fe9d7f30000-7fe9d7f49000 r-xp 00000000 08:01 60821465                   /lib/x86_64-linux-gnu/libpthread-2.19.so
7fe9d7f49000-7fe9d8148000 ---p 00019000 08:01 60821465                   /lib/x86_64-linux-gnu/libpthread-2.19.so
7fe9d8148000-7fe9d8149000 r--p 00018000 08:01 60821465                   /lib/x86_64-linux-gnu/libpthread-2.19.so
7fe9d8149000-7fe9d814a000 rw-p 00019000 08:01 60821465                   /lib/x86_64-linux-gnu/libpthread-2.19.so
7fe9d814a000-7fe9d814e000 rw-p 00000000 00:00 0 
7fe9d8150000-7fe9d8153000 r-xp 00000000 08:01 60821362                   /lib/x86_64-linux-gnu/libdl-2.19.so
7fe9d8153000-7fe9d8352000 ---p 00003000 08:01 60821362                   /lib/x86_64-linux-gnu/libdl-2.19.so
7fe9d8352000-7fe9d8353000 r--p 00002000 08:01 60821362                   /lib/x86_64-linux-gnu/libdl-2.19.so
7fe9d8353000-7fe9d8354000 rw-p 00003000 08:01 60821362                   /lib/x86_64-linux-gnu/libdl-2.19.so
7fe9d8358000-7fe9d8514000 r-xp 00000000 08:01 60821345                   /lib/x86_64-linux-gnu/libc-2.19.so
7fe9d8514000-7fe9d8713000 ---p 001bc000 08:01 60821345                   /lib/x86_64-linux-gnu/libc-2.19.so
7fe9d8713000-7fe9d8717000 r--p 001bb000 08:01 60821345                   /lib/x86_64-linux-gnu/libc-2.19.so
7fe9d8717000-7fe9d8719000 rw-p 001bf000 08:01 60821345                   /lib/x86_64-linux-gnu/libc-2.19.so
7fe9d8719000-7fe9d871e000 rw-p 00000000 00:00 0 
7fe9d8720000-7fe9d872d000 r-xp 00000000 08:01 21242323                   /usr/lib/jvm/java-7-openjdk-amd64/jre/lib/amd64/jli/libjli.so
7fe9d872d000-7fe9d892c000 ---p 0000d000 08:01 21242323                   /usr/lib/jvm/java-7-openjdk-amd64/jre/lib/amd64/jli/libjli.so
7fe9d892c000-7fe9d892d000 r--p 0000c000 08:01 21242323                   /usr/lib/jvm/java-7-openjdk-amd64/jre/lib/amd64/jli/libjli.so
7fe9d892d000-7fe9d892e000 rw-p 0000d000 08:01 21242323                   /usr/lib/jvm/java-7-openjdk-amd64/jre/lib/amd64/jli/libjli.so
7fe9d8930000-7fe9d8953000 r-xp 00000000 08:01 60821321                   /lib/x86_64-linux-gnu/ld-2.19.so
7fe9d8957000-7fe9d895a000 r--s 0000f000 08:01 21242257                   /usr/lib/jvm/java-7-openjdk-amd64/jre/lib/ext/pulse-java.jar
7fe9d895d000-7fe9d8961000 r--s 00085000 08:01 21242260                   /usr/lib/jvm/java-7-openjdk-amd64/jre/lib/ext/localedata.jar
7fe9d8963000-7fe9d8967000 r--s 0003b000 08:01 21242261                   /usr/lib/jvm/java-7-openjdk-amd64/jre/lib/ext/sunpkcs11.jar
7fe9d896a000-7fe9d896d000 r--s 00032000 08:01 21242259                   /usr/lib/jvm/java-7-openjdk-amd64/jre/lib/ext/sunjce_provider.jar
7fe9d896d000-7fe9d898a000 rw-p 00000000 00:00 0 
7fe9d898a000-7fe9d8a40000 rw-p 00000000 00:00 0 
7fe9d8a40000-7fe9d8a48000 rw-s 00000000 08:01 655400                     /tmp/hsperfdata_cody/22104
7fe9d8a4c000-7fe9d8a4d000 rw-p 00000000 00:00 0 
7fe9d8a4d000-7fe9d8a4e000 rwxp 00000000 00:00 0 
7fe9d8a4e000-7fe9d8a4f000 rw-p 00000000 00:00 0 
7fe9d8a4f000-7fe9d8a52000 ---p 00000000 00:00 0 
7fe9d8a52000-7fe9d8b52000 rw-p 00000000 00:00 0                          [stack:22106]
7fe9d8b52000-7fe9d8b53000 r--p 00022000 08:01 60821321                   /lib/x86_64-linux-gnu/ld-2.19.so
7fe9d8b53000-7fe9d8b54000 rw-p 00023000 08:01 60821321                   /lib/x86_64-linux-gnu/ld-2.19.so
7fe9d8b54000-7fe9d8b55000 rw-p 00000000 00:00 0 
7fe9d8b55000-7fe9d8b56000 ---p 00000000 00:00 0 
7fe9d8b56000-7fe9d8b5b000 rw-p 00000000 00:00 0 
7fff7adb7000-7fff7add8000 rw-p 00000000 00:00 0                          [stack]
7fff7ae00000-7fff7ae02000 r-xp 00000000 00:00 0                          [vdso]
ffffffffff600000-ffffffffff601000 r-xp 00000000 00:00 0                  [vsyscall]

VM Arguments:
jvm_args: -Dfile.encoding=UTF-8 
java_command: com.codey.OpenGL.Launcher
Launcher Type: SUN_STANDARD

Environment Variables:
PATH=/usr/local/sbin:/usr/local/bin:/usr/sbin:/usr/bin:/sbin:/bin:/usr/games:/usr/local/games:~/.composer/vendor/bin
SHELL=/bin/bash
DISPLAY=:0

Signal Handlers:
SIGSEGV: [libjvm.so+0x918620], sa_mask[0]=0x7ffbfeff, sa_flags=0x10000004
SIGBUS: [libjvm.so+0x918620], sa_mask[0]=0x7ffbfeff, sa_flags=0x10000004
SIGFPE: [libjvm.so+0x795e30], sa_mask[0]=0x7ffbfeff, sa_flags=0x10000004
SIGPIPE: [libjvm.so+0x795e30], sa_mask[0]=0x7ffbfeff, sa_flags=0x10000004
SIGXFSZ: [libjvm.so+0x795e30], sa_mask[0]=0x7ffbfeff, sa_flags=0x10000004
SIGILL: [libjvm.so+0x795e30], sa_mask[0]=0x7ffbfeff, sa_flags=0x10000004
SIGUSR1: SIG_DFL, sa_mask[0]=0x00000000, sa_flags=0x00000000
SIGUSR2: [libjvm.so+0x795cd0], sa_mask[0]=0x00000004, sa_flags=0x10000004
SIGHUP: [libjvm.so+0x795eb0], sa_mask[0]=0x7ffbfeff, sa_flags=0x10000004
SIGINT: [libjvm.so+0x795eb0], sa_mask[0]=0x7ffbfeff, sa_flags=0x10000004
SIGTERM: [libjvm.so+0x795eb0], sa_mask[0]=0x7ffbfeff, sa_flags=0x10000004
SIGQUIT: [libjvm.so+0x795eb0], sa_mask[0]=0x7ffbfeff, sa_flags=0x10000004


---------------  S Y S T E M  ---------------

OS:Ubuntu 14.04 (trusty)
uname:Linux 3.13.0-32-generic #57-Ubuntu SMP Tue Jul 15 03:51:08 UTC 2014 x86_64
libc:glibc 2.19 NPTL 2.19 
rlimit: STACK 8192k, CORE 0k, NPROC 24338, NOFILE 4096, AS infinity
load average:0.12 0.22 0.31

/proc/meminfo:
MemTotal:        3145060 kB
MemFree:          126112 kB
Buffers:             672 kB
Cached:           169604 kB
SwapCached:         3824 kB
Active:          1944220 kB
Inactive:         717136 kB
Active(anon):    1916820 kB
Inactive(anon):   685296 kB
Active(file):      27400 kB
Inactive(file):    31840 kB
Unevictable:          64 kB
Mlocked:              64 kB
SwapTotal:         30716 kB
SwapFree:              0 kB
Dirty:                36 kB
Writeback:             0 kB
AnonPages:       2487756 kB
Mapped:           140144 kB
Shmem:            110748 kB
Slab:              80852 kB
SReclaimable:      30072 kB
SUnreclaim:        50780 kB
KernelStack:        5960 kB
PageTables:        61724 kB
NFS_Unstable:          0 kB
Bounce:                0 kB
WritebackTmp:          0 kB
CommitLimit:     1603244 kB
Committed_AS:    6761380 kB
VmallocTotal:   34359738367 kB
VmallocUsed:      113292 kB
VmallocChunk:   34359507932 kB
HardwareCorrupted:     0 kB
AnonHugePages:    919552 kB
HugePages_Total:       0
HugePages_Free:        0
HugePages_Rsvd:        0
HugePages_Surp:        0
Hugepagesize:       2048 kB
DirectMap4k:       84108 kB
DirectMap2M:     2211840 kB
DirectMap1G:     1048576 kB


CPU:total 4 (4 cores per cpu, 1 threads per core) family 21 model 19 stepping 1, cmov, cx8, fxsr, mmx, sse, sse2, sse3, ssse3, sse4.1, sse4.2, popcnt, avx, aes, mmxext, 3dnowpref, lzcnt, sse4a, tsc, tscinvbit, tscinv

/proc/cpuinfo:
processor	: 0
vendor_id	: AuthenticAMD
cpu family	: 21
model		: 19
model name	: AMD A8-6600K APU with Radeon(tm) HD Graphics
stepping	: 1
microcode	: 0x6001119
cpu MHz		: 1900.000
cache size	: 2048 KB
physical id	: 0
siblings	: 4
core id		: 0
cpu cores	: 2
apicid		: 16
initial apicid	: 0
fpu		: yes
fpu_exception	: yes
cpuid level	: 13
wp		: yes
flags		: fpu vme de pse tsc msr pae mce cx8 apic sep mtrr pge mca cmov pat pse36 clflush mmx fxsr sse sse2 ht syscall nx mmxext fxsr_opt pdpe1gb rdtscp lm constant_tsc rep_good nopl nonstop_tsc extd_apicid aperfmperf pni pclmulqdq monitor ssse3 fma cx16 sse4_1 sse4_2 popcnt aes xsave avx f16c lahf_lm cmp_legacy svm extapic cr8_legacy abm sse4a misalignsse 3dnowprefetch osvw ibs xop skinit wdt lwp fma4 tce tbm topoext perfctr_core perfctr_nb arat cpb hw_pstate npt lbrv svm_lock nrip_save tsc_scale vmcb_clean flushbyasid decodeassists pausefilter pfthreshold bmi1
bogomips	: 7800.53
TLB size	: 1536 4K pages
clflush size	: 64
cache_alignment	: 64
address sizes	: 48 bits physical, 48 bits virtual
power management: ts ttp tm 100mhzsteps hwpstate cpb eff_freq_ro

processor	: 1
vendor_id	: AuthenticAMD
cpu family	: 21
model		: 19
model name	: AMD A8-6600K APU with Radeon(tm) HD Graphics   
stepping	: 1
microcode	: 0x6001119
cpu MHz		: 1900.000
cache size	: 2048 KB
physical id	: 0
siblings	: 4
core id		: 1
cpu cores	: 2
apicid		: 17
initial apicid	: 1
fpu		: yes
fpu_exception	: yes
cpuid level	: 13
wp		: yes
flags		: fpu vme de pse tsc msr pae mce cx8 apic sep mtrr pge mca cmov pat pse36 clflush mmx fxsr sse sse2 ht syscall nx mmxext fxsr_opt pdpe1gb rdtscp lm constant_tsc rep_good nopl nonstop_tsc extd_apicid aperfmperf pni pclmulqdq monitor ssse3 fma cx16 sse4_1 sse4_2 popcnt aes xsave avx f16c lahf_lm cmp_legacy svm extapic cr8_legacy abm sse4a misalignsse 3dnowprefetch osvw ibs xop skinit wdt lwp fma4 tce tbm topoext perfctr_core perfctr_nb arat cpb hw_pstate npt lbrv svm_lock nrip_save tsc_scale vmcb_clean flushbyasid decodeassists pausefilter pfthreshold bmi1
bogomips	: 7800.53
TLB size	: 1536 4K pages
clflush size	: 64
cache_alignment	: 64
address sizes	: 48 bits physical, 48 bits virtual
power management: ts ttp tm 100mhzsteps hwpstate cpb eff_freq_ro

processor	: 2
vendor_id	: AuthenticAMD
cpu family	: 21
model		: 19
model name	: AMD A8-6600K APU with Radeon(tm) HD Graphics   
stepping	: 1
microcode	: 0x6001119
cpu MHz		: 1900.000
cache size	: 2048 KB
physical id	: 0
siblings	: 4
core id		: 2
cpu cores	: 2
apicid		: 18
initial apicid	: 2
fpu		: yes
fpu_exception	: yes
cpuid level	: 13
wp		: yes
flags		: fpu vme de pse tsc msr pae mce cx8 apic sep mtrr pge mca cmov pat pse36 clflush mmx fxsr sse sse2 ht syscall nx mmxext fxsr_opt pdpe1gb rdtscp lm constant_tsc rep_good nopl nonstop_tsc extd_apicid aperfmperf pni pclmulqdq monitor ssse3 fma cx16 sse4_1 sse4_2 popcnt aes xsave avx f16c lahf_lm cmp_legacy svm extapic cr8_legacy abm sse4a misalignsse 3dnowprefetch osvw ibs xop skinit wdt lwp fma4 tce tbm topoext perfctr_core perfctr_nb arat cpb hw_pstate npt lbrv svm_lock nrip_save tsc_scale vmcb_clean flushbyasid decodeassists pausefilter pfthreshold bmi1
bogomips	: 7800.53
TLB size	: 1536 4K pages
clflush size	: 64
cache_alignment	: 64
address sizes	: 48 bits physical, 48 bits virtual
power management: ts ttp tm 100mhzsteps hwpstate cpb eff_freq_ro

processor	: 3
vendor_id	: AuthenticAMD
cpu family	: 21
model		: 19
model name	: AMD A8-6600K APU with Radeon(tm) HD Graphics   
stepping	: 1
microcode	: 0x6001119
cpu MHz		: 1900.000
cache size	: 2048 KB
physical id	: 0
siblings	: 4
core id		: 3
cpu cores	: 2
apicid		: 19
initial apicid	: 3
fpu		: yes
fpu_exception	: yes
cpuid level	: 13
wp		: yes
flags		: fpu vme de pse tsc msr pae mce cx8 apic sep mtrr pge mca cmov pat pse36 clflush mmx fxsr sse sse2 ht syscall nx mmxext fxsr_opt pdpe1gb rdtscp lm constant_tsc rep_good nopl nonstop_tsc extd_apicid aperfmperf pni pclmulqdq monitor ssse3 fma cx16 sse4_1 sse4_2 popcnt aes xsave avx f16c lahf_lm cmp_legacy svm extapic cr8_legacy abm sse4a misalignsse 3dnowprefetch osvw ibs xop skinit wdt lwp fma4 tce tbm topoext perfctr_core perfctr_nb arat cpb hw_pstate npt lbrv svm_lock nrip_save tsc_scale vmcb_clean flushbyasid decodeassists pausefilter pfthreshold bmi1
bogomips	: 7800.53
TLB size	: 1536 4K pages
clflush size	: 64
cache_alignment	: 64
address sizes	: 48 bits physical, 48 bits virtual
power management: ts ttp tm 100mhzsteps hwpstate cpb eff_freq_ro



Memory: 4k page, physical 3145060k(126112k free), swap 30716k(0k free)

vm_info: OpenJDK 64-Bit Server VM (24.51-b03) for linux-amd64 JRE (1.7.0_55-b14), built on Apr 17 2014 20:08:07 by "buildd" with gcc 4.8.2

time: Wed Apr 22 08:35:33 2015
elapsed time: 4 seconds

